# JRE version: OpenJDK Runtime Environment (8.0_432) (build 1.8.0_432-8u432-ga~us1-0ubuntu2~20.04-ga)
# Java VM: OpenJDK 64-Bit Server VM (25.432-bga mixed mode linux-amd64 compressed oops)
Heap:
 PSYoungGen      total 165376K, used 88892K [0x00000000deb80000, 0x00000000ed300000, 0x0000000100000000)
  eden space 158720K, 56% used [0x00000000deb80000,0x00000000e424f290,0x00000000e8680000)
  from space 6656K, 0% used [0x00000000e8680000,0x00000000e8680000,0x00000000e8d00000)
  to   space 7680K, 0% used [0x00000000ecb80000,0x00000000ecb80000,0x00000000ed300000)
 ParOldGen       total 68608K, used 11819K [0x000000009c200000, 0x00000000a0500000, 0x00000000deb80000)
  object space 68608K, 17% used [0x000000009c200000,0x000000009cd8ae88,0x00000000a0500000)
 Metaspace       used 33956K, capacity 36321K, committed 36392K, reserved 1081344K
  class space    used 4248K, capacity 4672K, committed 4736K, reserved 1048576K
GC Heap History (10 events):
Event: 6.025 GC heap before
{Heap before GC invocations=7 (full 1):
 PSYoungGen      total 107008K, used 4480K [0x00000000deb80000, 0x00000000e5a80000, 0x0000000100000000)
  eden space 101888K, 0% used [0x00000000deb80000,0x00000000deb80000,0x00000000e4f00000)
  from space 5120K, 87% used [0x00000000e5480000,0x00000000e58e0040,0x00000000e5980000)
  to   space 5632K, 0% used [0x00000000e4f00000,0x00000000e4f00000,0x00000000e5480000)
 ParOldGen       total 68608K, used 528K [0x000000009c200000, 0x00000000a0500000, 0x00000000deb80000)
  object space 68608K, 0% used [0x000000009c200000,0x000000009c284000,0x00000000a0500000)
 Metaspace       used 20331K, capacity 21188K, committed 21296K, reserved 1069056K
  class space    used 2474K, capacity 2674K, committed 2688K, reserved 1048576K
Event: 6.122 GC heap after
Heap after GC invocations=7 (full 1):
 PSYoungGen      total 107008K, used 0K [0x00000000deb80000, 0x00000000e5a80000, 0x0000000100000000)
  eden space 101888K, 0% used [0x00000000deb80000,0x00000000deb80000,0x00000000e4f00000)
  from space 5120K, 0% used [0x00000000e5480000,0x00000000e5480000,0x00000000e5980000)
  to   space 5632K, 0% used [0x00000000e4f00000,0x00000000e4f00000,0x00000000e5480000)
 ParOldGen       total 41472K, used 4809K [0x000000009c200000, 0x000000009ea80000, 0x00000000deb80000)
  object space 41472K, 11% used [0x000000009c200000,0x000000009c6b25c8,0x000000009ea80000)
 Metaspace       used 20331K, capacity 21188K, committed 21296K, reserved 1069056K
  class space    used 2474K, capacity 2674K, committed 2688K, reserved 1048576K
}
Event: 8.366 GC heap before
{Heap before GC invocations=8 (full 1):
 PSYoungGen      total 107008K, used 101888K [0x00000000deb80000, 0x00000000e5a80000, 0x0000000100000000)
  eden space 101888K, 100% used [0x00000000deb80000,0x00000000e4f00000,0x00000000e4f00000)
  from space 5120K, 0% used [0x00000000e5480000,0x00000000e5480000,0x00000000e5980000)
  to   space 5632K, 0% used [0x00000000e4f00000,0x00000000e4f00000,0x00000000e5480000)
 ParOldGen       total 41472K, used 4809K [0x000000009c200000, 0x000000009ea80000, 0x00000000deb80000)
  object space 41472K, 11% used [0x000000009c200000,0x000000009c6b25c8,0x000000009ea80000)
 Metaspace       used 23925K, capacity 25146K, committed 25344K, reserved 1071104K
  class space    used 2962K, capacity 3205K, committed 3328K, reserved 1048576K
Event: 8.380 GC heap after
Heap after GC invocations=8 (full 1):
 PSYoungGen      total 107520K, used 2880K [0x00000000deb80000, 0x00000000e9280000, 0x0000000100000000)
  eden space 101888K, 0% used [0x00000000deb80000,0x00000000deb80000,0x00000000e4f00000)
  from space 5632K, 51% used [0x00000000e4f00000,0x00000000e51d0000,0x00000000e5480000)
  to   space 5632K, 0% used [0x00000000e8d00000,0x00000000e8d00000,0x00000000e9280000)
 ParOldGen       total 41472K, used 4817K [0x000000009c200000, 0x000000009ea80000, 0x00000000deb80000)
  object space 41472K, 11% used [0x000000009c200000,0x000000009c6b45c8,0x000000009ea80000)
 Metaspace       used 23925K, capacity 25146K, committed 25344K, reserved 1071104K
  class space    used 2962K, capacity 3205K, committed 3328K, reserved 1048576K
}
Event: 10.745 GC heap before
{Heap before GC invocations=9 (full 1):
 PSYoungGen      total 107520K, used 104768K [0x00000000deb80000, 0x00000000e9280000, 0x0000000100000000)
  eden space 101888K, 100% used [0x00000000deb80000,0x00000000e4f00000,0x00000000e4f00000)
  from space 5632K, 51% used [0x00000000e4f00000,0x00000000e51d0000,0x00000000e5480000)
  to   space 5632K, 0% used [0x00000000e8d00000,0x00000000e8d00000,0x00000000e9280000)
 ParOldGen       total 41472K, used 4817K [0x000000009c200000, 0x000000009ea80000, 0x00000000deb80000)
  object space 41472K, 11% used [0x000000009c200000,0x000000009c6b45c8,0x000000009ea80000)
 Metaspace       used 29891K, capacity 31740K, committed 32128K, reserved 1077248K
  class space    used 3757K, capacity 4124K, committed 4224K, reserved 1048576K
Event: 10.866 GC heap after
Heap after GC invocations=9 (full 1):
 PSYoungGen      total 164352K, used 5620K [0x00000000deb80000, 0x00000000e9b80000, 0x0000000100000000)
  eden space 158720K, 0% used [0x00000000deb80000,0x00000000deb80000,0x00000000e8680000)
  from space 5632K, 99% used [0x00000000e8d00000,0x00000000e927d040,0x00000000e9280000)
  to   space 6656K, 0% used [0x00000000e8680000,0x00000000e8680000,0x00000000e8d00000)
 ParOldGen       total 41472K, used 5265K [0x000000009c200000, 0x000000009ea80000, 0x00000000deb80000)
  object space 41472K, 12% used [0x000000009c200000,0x000000009c7244c8,0x000000009ea80000)
 Metaspace       used 29891K, capacity 31740K, committed 32128K, reserved 1077248K
  class space    used 3757K, capacity 4124K, committed 4224K, reserved 1048576K
}
Event: 14.171 GC heap before
{Heap before GC invocations=10 (full 1):
 PSYoungGen      total 164352K, used 72978K [0x00000000deb80000, 0x00000000e9b80000, 0x0000000100000000)
  eden space 158720K, 42% used [0x00000000deb80000,0x00000000e2d477e0,0x00000000e8680000)
  from space 5632K, 99% used [0x00000000e8d00000,0x00000000e927d040,0x00000000e9280000)
  to   space 6656K, 0% used [0x00000000e8680000,0x00000000e8680000,0x00000000e8d00000)
 ParOldGen       total 41472K, used 5265K [0x000000009c200000, 0x000000009ea80000, 0x00000000deb80000)
  object space 41472K, 12% used [0x000000009c200000,0x000000009c7244c8,0x000000009ea80000)
 Metaspace       used 33098K, capacity 35373K, committed 35496K, reserved 1081344K
  class space    used 4188K, capacity 4608K, committed 4608K, reserved 1048576K
Event: 14.304 GC heap after
Heap after GC invocations=10 (full 1):
 PSYoungGen      total 165376K, used 6632K [0x00000000deb80000, 0x00000000ed300000, 0x0000000100000000)
  eden space 158720K, 0% used [0x00000000deb80000,0x00000000deb80000,0x00000000e8680000)
  from space 6656K, 99% used [0x00000000e8680000,0x00000000e8cfa070,0x00000000e8d00000)
  to   space 7680K, 0% used [0x00000000ecb80000,0x00000000ecb80000,0x00000000ed300000)
 ParOldGen       total 41472K, used 6411K [0x000000009c200000, 0x000000009ea80000, 0x00000000deb80000)
  object space 41472K, 15% used [0x000000009c200000,0x000000009c842ce8,0x000000009ea80000)
 Metaspace       used 33098K, capacity 35373K, committed 35496K, reserved 1081344K
  class space    used 4188K, capacity 4608K, committed 4608K, reserved 1048576K
}
Event: 14.304 GC heap before
{Heap before GC invocations=11 (full 2):
 PSYoungGen      total 165376K, used 6632K [0x00000000deb80000, 0x00000000ed300000, 0x0000000100000000)
  eden space 158720K, 0% used [0x00000000deb80000,0x00000000deb80000,0x00000000e8680000)
  from space 6656K, 99% used [0x00000000e8680000,0x00000000e8cfa070,0x00000000e8d00000)
  to   space 7680K, 0% used [0x00000000ecb80000,0x00000000ecb80000,0x00000000ed300000)
 ParOldGen       total 41472K, used 6411K [0x000000009c200000, 0x000000009ea80000, 0x00000000deb80000)
  object space 41472K, 15% used [0x000000009c200000,0x000000009c842ce8,0x000000009ea80000)
 Metaspace       used 33098K, capacity 35373K, committed 35496K, reserved 1081344K
  class space    used 4188K, capacity 4608K, committed 4608K, reserved 1048576K
Event: 14.817 GC heap after
Heap after GC invocations=11 (full 2):
 PSYoungGen      total 165376K, used 0K [0x00000000deb80000, 0x00000000ed300000, 0x0000000100000000)
  eden space 158720K, 0% used [0x00000000deb80000,0x00000000deb80000,0x00000000e8680000)
  from space 6656K, 0% used [0x00000000e8680000,0x00000000e8680000,0x00000000e8d00000)
  to   space 7680K, 0% used [0x00000000ecb80000,0x00000000ecb80000,0x00000000ed300000)
 ParOldGen       total 68608K, used 11819K [0x000000009c200000, 0x00000000a0500000, 0x00000000deb80000)
  object space 68608K, 17% used [0x000000009c200000,0x000000009cd8ae88,0x00000000a0500000)
 Metaspace       used 33098K, capacity 35373K, committed 35496K, reserved 1081344K
  class space    used 4188K, capacity 4608K, committed 4608K, reserved 1048576K
}

