# JRE version: OpenJDK Runtime Environment (8.0_432) (build 1.8.0_432-8u432-ga~us1-0ubuntu2~20.04-ga)
# Java VM: OpenJDK 64-Bit Server VM (25.432-bga mixed mode linux-amd64 compressed oops)
Heap:
 PSYoungGen      total 227840K, used 19209K [0x00000000deb80000, 0x00000000f0980000, 0x0000000100000000)
  eden space 220160K, 8% used [0x00000000deb80000,0x00000000dfccd4f0,0x00000000ec280000)
  from space 7680K, 19% used [0x00000000ec280000,0x00000000ec3f5020,0x00000000eca00000)
  to   space 7680K, 0% used [0x00000000f0200000,0x00000000f0200000,0x00000000f0980000)
 ParOldGen       total 59392K, used 10702K [0x000000009c200000, 0x000000009fc00000, 0x00000000deb80000)
  object space 59392K, 18% used [0x000000009c200000,0x000000009cc739c8,0x000000009fc00000)
 Metaspace       used 34251K, capacity 36600K, committed 36736K, reserved 1081344K
  class space    used 4258K, capacity 4671K, committed 4736K, reserved 1048576K
GC Heap History (10 events):
Event: 12.395 GC heap before
{Heap before GC invocations=9 (full 1):
 PSYoungGen      total 107520K, used 104178K [0x00000000deb80000, 0x00000000e9c80000, 0x0000000100000000)
  eden space 101888K, 100% used [0x00000000deb80000,0x00000000e4f00000,0x00000000e4f00000)
  from space 5632K, 40% used [0x00000000e4f00000,0x00000000e513c9a8,0x00000000e5480000)
  to   space 5632K, 0% used [0x00000000e9700000,0x00000000e9700000,0x00000000e9c80000)
 ParOldGen       total 38912K, used 4776K [0x000000009c200000, 0x000000009e800000, 0x00000000deb80000)
  object space 38912K, 12% used [0x000000009c200000,0x000000009c6aa218,0x000000009e800000)
 Metaspace       used 29898K, capacity 31696K, committed 31872K, reserved 1077248K
  class space    used 3760K, capacity 4124K, committed 4224K, reserved 1048576K
Event: 12.425 GC heap after
Heap after GC invocations=9 (full 1):
 PSYoungGen      total 173056K, used 5435K [0x00000000deb80000, 0x00000000e9c80000, 0x0000000100000000)
  eden space 167424K, 0% used [0x00000000deb80000,0x00000000deb80000,0x00000000e8f00000)
  from space 5632K, 96% used [0x00000000e9700000,0x00000000e9c4ecb8,0x00000000e9c80000)
  to   space 6144K, 0% used [0x00000000e9080000,0x00000000e9080000,0x00000000e9680000)
 ParOldGen       total 38912K, used 4784K [0x000000009c200000, 0x000000009e800000, 0x00000000deb80000)
  object space 38912K, 12% used [0x000000009c200000,0x000000009c6ac218,0x000000009e800000)
 Metaspace       used 29898K, capacity 31696K, committed 31872K, reserved 1077248K
  class space    used 3760K, capacity 4124K, committed 4224K, reserved 1048576K
}
Event: 34.447 GC heap before
{Heap before GC invocations=10 (full 1):
 PSYoungGen      total 173056K, used 68720K [0x00000000deb80000, 0x00000000e9c80000, 0x0000000100000000)
  eden space 167424K, 37% used [0x00000000deb80000,0x00000000e294d658,0x00000000e8f00000)
  from space 5632K, 96% used [0x00000000e9700000,0x00000000e9c4ecb8,0x00000000e9c80000)
  to   space 6144K, 0% used [0x00000000e9080000,0x00000000e9080000,0x00000000e9680000)
 ParOldGen       total 38912K, used 4784K [0x000000009c200000, 0x000000009e800000, 0x00000000deb80000)
  object space 38912K, 12% used [0x000000009c200000,0x000000009c6ac218,0x000000009e800000)
 Metaspace       used 33068K, capacity 35330K, committed 35456K, reserved 1079296K
  class space    used 4194K, capacity 4621K, committed 4736K, reserved 1048576K
Event: 34.513 GC heap after
Heap after GC invocations=10 (full 1):
 PSYoungGen      total 175104K, used 6132K [0x00000000deb80000, 0x00000000ed680000, 0x0000000100000000)
  eden space 168960K, 0% used [0x00000000deb80000,0x00000000deb80000,0x00000000e9080000)
  from space 6144K, 99% used [0x00000000e9080000,0x00000000e967d050,0x00000000e9680000)
  to   space 7168K, 0% used [0x00000000ecf80000,0x00000000ecf80000,0x00000000ed680000)
 ParOldGen       total 38912K, used 5584K [0x000000009c200000, 0x000000009e800000, 0x00000000deb80000)
  object space 38912K, 14% used [0x000000009c200000,0x000000009c774218,0x000000009e800000)
 Metaspace       used 33068K, capacity 35330K, committed 35456K, reserved 1079296K
  class space    used 4194K, capacity 4621K, committed 4736K, reserved 1048576K
}
Event: 34.513 GC heap before
{Heap before GC invocations=11 (full 2):
 PSYoungGen      total 175104K, used 6132K [0x00000000deb80000, 0x00000000ed680000, 0x0000000100000000)
  eden space 168960K, 0% used [0x00000000deb80000,0x00000000deb80000,0x00000000e9080000)
  from space 6144K, 99% used [0x00000000e9080000,0x00000000e967d050,0x00000000e9680000)
  to   space 7168K, 0% used [0x00000000ecf80000,0x00000000ecf80000,0x00000000ed680000)
 ParOldGen       total 38912K, used 5584K [0x000000009c200000, 0x000000009e800000, 0x00000000deb80000)
  object space 38912K, 14% used [0x000000009c200000,0x000000009c774218,0x000000009e800000)
 Metaspace       used 33068K, capacity 35330K, committed 35456K, reserved 1079296K
  class space    used 4194K, capacity 4621K, committed 4736K, reserved 1048576K
Event: 34.867 GC heap after
Heap after GC invocations=11 (full 2):
 PSYoungGen      total 175104K, used 0K [0x00000000deb80000, 0x00000000ed680000, 0x0000000100000000)
  eden space 168960K, 0% used [0x00000000deb80000,0x00000000deb80000,0x00000000e9080000)
  from space 6144K, 0% used [0x00000000e9080000,0x00000000e9080000,0x00000000e9680000)
  to   space 7168K, 0% used [0x00000000ecf80000,0x00000000ecf80000,0x00000000ed680000)
 ParOldGen       total 59392K, used 10686K [0x000000009c200000, 0x000000009fc00000, 0x00000000deb80000)
  object space 59392K, 17% used [0x000000009c200000,0x000000009cc6f9c8,0x000000009fc00000)
 Metaspace       used 33068K, capacity 35330K, committed 35456K, reserved 1079296K
  class space    used 4194K, capacity 4621K, committed 4736K, reserved 1048576K
}
Event: 105.543 GC heap before
{Heap before GC invocations=12 (full 2):
 PSYoungGen      total 175104K, used 168960K [0x00000000deb80000, 0x00000000ed680000, 0x0000000100000000)
  eden space 168960K, 100% used [0x00000000deb80000,0x00000000e9080000,0x00000000e9080000)
  from space 6144K, 0% used [0x00000000e9080000,0x00000000e9080000,0x00000000e9680000)
  to   space 7168K, 0% used [0x00000000ecf80000,0x00000000ecf80000,0x00000000ed680000)
 ParOldGen       total 59392K, used 10686K [0x000000009c200000, 0x000000009fc00000, 0x00000000deb80000)
  object space 59392K, 17% used [0x000000009c200000,0x000000009cc6f9c8,0x000000009fc00000)
 Metaspace       used 33733K, capacity 36044K, committed 36224K, reserved 1081344K
  class space    used 4229K, capacity 4660K, committed 4736K, reserved 1048576K
Event: 105.567 GC heap after
Heap after GC invocations=12 (full 2):
 PSYoungGen      total 222208K, used 1256K [0x00000000deb80000, 0x00000000ed180000, 0x0000000100000000)
  eden space 220160K, 0% used [0x00000000deb80000,0x00000000deb80000,0x00000000ec280000)
  from space 2048K, 61% used [0x00000000ecf80000,0x00000000ed0ba030,0x00000000ed180000)
  to   space 7680K, 0% used [0x00000000ec280000,0x00000000ec280000,0x00000000eca00000)
 ParOldGen       total 59392K, used 10694K [0x000000009c200000, 0x000000009fc00000, 0x00000000deb80000)
  object space 59392K, 18% used [0x000000009c200000,0x000000009cc719c8,0x000000009fc00000)
 Metaspace       used 33733K, capacity 36044K, committed 36224K, reserved 1081344K
  class space    used 4229K, capacity 4660K, committed 4736K, reserved 1048576K
}
Event: 133.878 GC heap before
{Heap before GC invocations=13 (full 2):
 PSYoungGen      total 222208K, used 221416K [0x00000000deb80000, 0x00000000ed180000, 0x0000000100000000)
  eden space 220160K, 100% used [0x00000000deb80000,0x00000000ec280000,0x00000000ec280000)
  from space 2048K, 61% used [0x00000000ecf80000,0x00000000ed0ba030,0x00000000ed180000)
  to   space 7680K, 0% used [0x00000000ec280000,0x00000000ec280000,0x00000000eca00000)
 ParOldGen       total 59392K, used 10694K [0x000000009c200000, 0x000000009fc00000, 0x00000000deb80000)
  object space 59392K, 18% used [0x000000009c200000,0x000000009cc719c8,0x000000009fc00000)
 Metaspace       used 34067K, capacity 36364K, committed 36480K, reserved 1081344K
  class space    used 4232K, capacity 4660K, committed 4736K, reserved 1048576K
Event: 133.896 GC heap after
Heap after GC invocations=13 (full 2):
 PSYoungGen      total 227840K, used 1492K [0x00000000deb80000, 0x00000000f0980000, 0x0000000100000000)
  eden space 220160K, 0% used [0x00000000deb80000,0x00000000deb80000,0x00000000ec280000)
  from space 7680K, 19% used [0x00000000ec280000,0x00000000ec3f5020,0x00000000eca00000)
  to   space 7680K, 0% used [0x00000000f0200000,0x00000000f0200000,0x00000000f0980000)
 ParOldGen       total 59392K, used 10702K [0x000000009c200000, 0x000000009fc00000, 0x00000000deb80000)
  object space 59392K, 18% used [0x000000009c200000,0x000000009cc739c8,0x000000009fc00000)
 Metaspace       used 34067K, capacity 36364K, committed 36480K, reserved 1081344K
  class space    used 4232K, capacity 4660K, committed 4736K, reserved 1048576K
}

