# JRE version: OpenJDK Runtime Environment (8.0_442-b06) (build 1.8.0_442-8u442-b06~us1-0ubuntu1~20.04-b06)
# Java VM: OpenJDK 64-Bit Server VM (25.442-b06 mixed mode linux-amd64 compressed oops)
Heap:
 PSYoungGen      total 159744K, used 58493K [0x00000000deb80000, 0x00000000ec800000, 0x0000000100000000)
  eden space 146944K, 39% used [0x00000000deb80000,0x00000000e249f410,0x00000000e7b00000)
  from space 12800K, 0% used [0x00000000e7b00000,0x00000000e7b00000,0x00000000e8780000)
  to   space 13312K, 0% used [0x00000000ebb00000,0x00000000ebb00000,0x00000000ec800000)
 ParOldGen       total 62976K, used 14520K [0x000000009c200000, 0x000000009ff80000, 0x00000000deb80000)
  object space 62976K, 23% used [0x000000009c200000,0x000000009d02e220,0x000000009ff80000)
 Metaspace       used 35018K, capacity 37454K, committed 37632K, reserved 1081344K
  class space    used 4577K, capacity 5013K, committed 5120K, reserved 1048576K
GC Heap History (10 events):
Event: 9.957 GC heap before
{Heap before GC invocations=7 (full 1):
 PSYoungGen      total 55296K, used 51200K [0x00000000deb80000, 0x00000000e6080000, 0x0000000100000000)
  eden space 51200K, 100% used [0x00000000deb80000,0x00000000e1d80000,0x00000000e1d80000)
  from space 4096K, 0% used [0x00000000e1d80000,0x00000000e1d80000,0x00000000e2180000)
  to   space 8704K, 0% used [0x00000000e5800000,0x00000000e5800000,0x00000000e6080000)
 ParOldGen       total 43008K, used 6951K [0x000000009c200000, 0x000000009ec00000, 0x00000000deb80000)
  object space 43008K, 16% used [0x000000009c200000,0x000000009c8c9d18,0x000000009ec00000)
 Metaspace       used 21903K, capacity 22980K, committed 23040K, reserved 1069056K
  class space    used 2808K, capacity 3038K, committed 3072K, reserved 1048576K
Event: 9.981 GC heap after
Heap after GC invocations=7 (full 1):
 PSYoungGen      total 92672K, used 4265K [0x00000000deb80000, 0x00000000e5c80000, 0x0000000100000000)
  eden space 88064K, 0% used [0x00000000deb80000,0x00000000deb80000,0x00000000e4180000)
  from space 4608K, 92% used [0x00000000e5800000,0x00000000e5c2a5c0,0x00000000e5c80000)
  to   space 8192K, 0% used [0x00000000e4c80000,0x00000000e4c80000,0x00000000e5480000)
 ParOldGen       total 43008K, used 6951K [0x000000009c200000, 0x000000009ec00000, 0x00000000deb80000)
  object space 43008K, 16% used [0x000000009c200000,0x000000009c8c9d18,0x000000009ec00000)
 Metaspace       used 21903K, capacity 22980K, committed 23040K, reserved 1069056K
  class space    used 2808K, capacity 3038K, committed 3072K, reserved 1048576K
}
Event: 12.348 GC heap before
{Heap before GC invocations=8 (full 1):
 PSYoungGen      total 92672K, used 92329K [0x00000000deb80000, 0x00000000e5c80000, 0x0000000100000000)
  eden space 88064K, 100% used [0x00000000deb80000,0x00000000e4180000,0x00000000e4180000)
  from space 4608K, 92% used [0x00000000e5800000,0x00000000e5c2a5c0,0x00000000e5c80000)
  to   space 8192K, 0% used [0x00000000e4c80000,0x00000000e4c80000,0x00000000e5480000)
 ParOldGen       total 43008K, used 6951K [0x000000009c200000, 0x000000009ec00000, 0x00000000deb80000)
  object space 43008K, 16% used [0x000000009c200000,0x000000009c8c9d18,0x000000009ec00000)
 Metaspace       used 26987K, capacity 28728K, committed 28928K, reserved 1075200K
  class space    used 3501K, capacity 3804K, committed 3840K, reserved 1048576K
Event: 12.402 GC heap after
Heap after GC invocations=8 (full 1):
 PSYoungGen      total 107520K, used 8189K [0x00000000deb80000, 0x00000000e9180000, 0x0000000100000000)
  eden space 99328K, 0% used [0x00000000deb80000,0x00000000deb80000,0x00000000e4c80000)
  from space 8192K, 99% used [0x00000000e4c80000,0x00000000e547f6f8,0x00000000e5480000)
  to   space 10240K, 0% used [0x00000000e8780000,0x00000000e8780000,0x00000000e9180000)
 ParOldGen       total 43008K, used 8343K [0x000000009c200000, 0x000000009ec00000, 0x00000000deb80000)
  object space 43008K, 19% used [0x000000009c200000,0x000000009ca25fb0,0x000000009ec00000)
 Metaspace       used 26987K, capacity 28728K, committed 28928K, reserved 1075200K
  class space    used 3501K, capacity 3804K, committed 3840K, reserved 1048576K
}
Event: 20.255 GC heap before
{Heap before GC invocations=9 (full 1):
 PSYoungGen      total 107520K, used 107517K [0x00000000deb80000, 0x00000000e9180000, 0x0000000100000000)
  eden space 99328K, 100% used [0x00000000deb80000,0x00000000e4c80000,0x00000000e4c80000)
  from space 8192K, 99% used [0x00000000e4c80000,0x00000000e547f6f8,0x00000000e5480000)
  to   space 10240K, 0% used [0x00000000e8780000,0x00000000e8780000,0x00000000e9180000)
 ParOldGen       total 43008K, used 8343K [0x000000009c200000, 0x000000009ec00000, 0x00000000deb80000)
  object space 43008K, 19% used [0x000000009c200000,0x000000009ca25fb0,0x000000009ec00000)
 Metaspace       used 32329K, capacity 34568K, committed 34688K, reserved 1079296K
  class space    used 4225K, capacity 4632K, committed 4736K, reserved 1048576K
Event: 20.304 GC heap after
Heap after GC invocations=9 (full 1):
 PSYoungGen      total 157184K, used 10237K [0x00000000deb80000, 0x00000000ea480000, 0x0000000100000000)
  eden space 146944K, 0% used [0x00000000deb80000,0x00000000deb80000,0x00000000e7b00000)
  from space 10240K, 99% used [0x00000000e8780000,0x00000000e917f6b8,0x00000000e9180000)
  to   space 12800K, 0% used [0x00000000e7b00000,0x00000000e7b00000,0x00000000e8780000)
 ParOldGen       total 43008K, used 11507K [0x000000009c200000, 0x000000009ec00000, 0x00000000deb80000)
  object space 43008K, 26% used [0x000000009c200000,0x000000009cd3cfe8,0x000000009ec00000)
 Metaspace       used 32329K, capacity 34568K, committed 34688K, reserved 1079296K
  class space    used 4225K, capacity 4632K, committed 4736K, reserved 1048576K
}
Event: 99.580 GC heap before
{Heap before GC invocations=10 (full 1):
 PSYoungGen      total 157184K, used 39697K [0x00000000deb80000, 0x00000000ea480000, 0x0000000100000000)
  eden space 146944K, 20% used [0x00000000deb80000,0x00000000e0844f68,0x00000000e7b00000)
  from space 10240K, 99% used [0x00000000e8780000,0x00000000e917f6b8,0x00000000e9180000)
  to   space 12800K, 0% used [0x00000000e7b00000,0x00000000e7b00000,0x00000000e8780000)
 ParOldGen       total 43008K, used 11507K [0x000000009c200000, 0x000000009ec00000, 0x00000000deb80000)
  object space 43008K, 26% used [0x000000009c200000,0x000000009cd3cfe8,0x000000009ec00000)
 Metaspace       used 33032K, capacity 35318K, committed 35416K, reserved 1079296K
  class space    used 4332K, capacity 4774K, committed 4864K, reserved 1048576K
Event: 99.772 GC heap after
Heap after GC invocations=10 (full 1):
 PSYoungGen      total 159744K, used 9513K [0x00000000deb80000, 0x00000000ec800000, 0x0000000100000000)
  eden space 146944K, 0% used [0x00000000deb80000,0x00000000deb80000,0x00000000e7b00000)
  from space 12800K, 74% used [0x00000000e7b00000,0x00000000e844a570,0x00000000e8780000)
  to   space 13312K, 0% used [0x00000000ebb00000,0x00000000ebb00000,0x00000000ec800000)
 ParOldGen       total 43008K, used 12611K [0x000000009c200000, 0x000000009ec00000, 0x00000000deb80000)
  object space 43008K, 29% used [0x000000009c200000,0x000000009ce50fe8,0x000000009ec00000)
 Metaspace       used 33032K, capacity 35318K, committed 35416K, reserved 1079296K
  class space    used 4332K, capacity 4774K, committed 4864K, reserved 1048576K
}
Event: 99.772 GC heap before
{Heap before GC invocations=11 (full 2):
 PSYoungGen      total 159744K, used 9513K [0x00000000deb80000, 0x00000000ec800000, 0x0000000100000000)
  eden space 146944K, 0% used [0x00000000deb80000,0x00000000deb80000,0x00000000e7b00000)
  from space 12800K, 74% used [0x00000000e7b00000,0x00000000e844a570,0x00000000e8780000)
  to   space 13312K, 0% used [0x00000000ebb00000,0x00000000ebb00000,0x00000000ec800000)
 ParOldGen       total 43008K, used 12611K [0x000000009c200000, 0x000000009ec00000, 0x00000000deb80000)
  object space 43008K, 29% used [0x000000009c200000,0x000000009ce50fe8,0x000000009ec00000)
 Metaspace       used 33032K, capacity 35318K, committed 35416K, reserved 1079296K
  class space    used 4332K, capacity 4774K, committed 4864K, reserved 1048576K
Event: 100.549 GC heap after
Heap after GC invocations=11 (full 2):
 PSYoungGen      total 159744K, used 0K [0x00000000deb80000, 0x00000000ec800000, 0x0000000100000000)
  eden space 146944K, 0% used [0x00000000deb80000,0x00000000deb80000,0x00000000e7b00000)
  from space 12800K, 0% used [0x00000000e7b00000,0x00000000e7b00000,0x00000000e8780000)
  to   space 13312K, 0% used [0x00000000ebb00000,0x00000000ebb00000,0x00000000ec800000)
 ParOldGen       total 62976K, used 14520K [0x000000009c200000, 0x000000009ff80000, 0x00000000deb80000)
  object space 62976K, 23% used [0x000000009c200000,0x000000009d02e220,0x000000009ff80000)
 Metaspace       used 33032K, capacity 35318K, committed 35416K, reserved 1079296K
  class space    used 4332K, capacity 4774K, committed 4864K, reserved 1048576K
}

