# JRE version: OpenJDK Runtime Environment (8.0_422-b05) (build 1.8.0_422-8u422-b05-1~20.04-b05)
# Java VM: OpenJDK 64-Bit Server VM (25.422-b05 mixed mode linux-amd64 compressed oops)
Heap:
 PSYoungGen      total 121344K, used 22819K [0x00000000ebd00000, 0x00000000f7080000, 0x0000000100000000)
  eden space 112640K, 12% used [0x00000000ebd00000,0x00000000ecaca290,0x00000000f2b00000)
  from space 8704K, 99% used [0x00000000f2b00000,0x00000000f337eb00,0x00000000f3380000)
  to   space 10752K, 0% used [0x00000000f6600000,0x00000000f6600000,0x00000000f7080000)
 ParOldGen       total 30720K, used 11092K [0x00000000c3600000, 0x00000000c5400000, 0x00000000ebd00000)
  object space 30720K, 36% used [0x00000000c3600000,0x00000000c40d5070,0x00000000c5400000)
 Metaspace       used 32816K, capacity 35098K, committed 35328K, reserved 1079296K
  class space    used 4306K, capacity 4740K, committed 4864K, reserved 1048576K
GC Heap History (10 events):
Event: 12.519 GC heap before
{Heap before GC invocations=6 (full 0):
 PSYoungGen      total 34304K, used 29868K [0x00000000ebd00000, 0x00000000f0800000, 0x0000000100000000)
  eden space 31744K, 86% used [0x00000000ebd00000,0x00000000ed7ad9f0,0x00000000edc00000)
  from space 2560K, 99% used [0x00000000edc00000,0x00000000ede7d7a8,0x00000000ede80000)
  to   space 6656K, 0% used [0x00000000f0180000,0x00000000f0180000,0x00000000f0800000)
 ParOldGen       total 42496K, used 7254K [0x00000000c3600000, 0x00000000c5f80000, 0x00000000ebd00000)
  object space 42496K, 17% used [0x00000000c3600000,0x00000000c3d158a0,0x00000000c5f80000)
 Metaspace       used 20272K, capacity 21160K, committed 21248K, reserved 1067008K
  class space    used 2572K, capacity 2786K, committed 2816K, reserved 1048576K
Event: 12.571 GC heap after
Heap after GC invocations=6 (full 0):
 PSYoungGen      total 69632K, used 5522K [0x00000000ebd00000, 0x00000000f0900000, 0x0000000100000000)
  eden space 62976K, 0% used [0x00000000ebd00000,0x00000000ebd00000,0x00000000efa80000)
  from space 6656K, 82% used [0x00000000f0180000,0x00000000f06e4970,0x00000000f0800000)
  to   space 7168K, 0% used [0x00000000efa80000,0x00000000efa80000,0x00000000f0180000)
 ParOldGen       total 42496K, used 7262K [0x00000000c3600000, 0x00000000c5f80000, 0x00000000ebd00000)
  object space 42496K, 17% used [0x00000000c3600000,0x00000000c3d178a0,0x00000000c5f80000)
 Metaspace       used 20272K, capacity 21160K, committed 21248K, reserved 1067008K
  class space    used 2572K, capacity 2786K, committed 2816K, reserved 1048576K
}
Event: 12.571 GC heap before
{Heap before GC invocations=7 (full 1):
 PSYoungGen      total 69632K, used 5522K [0x00000000ebd00000, 0x00000000f0900000, 0x0000000100000000)
  eden space 62976K, 0% used [0x00000000ebd00000,0x00000000ebd00000,0x00000000efa80000)
  from space 6656K, 82% used [0x00000000f0180000,0x00000000f06e4970,0x00000000f0800000)
  to   space 7168K, 0% used [0x00000000efa80000,0x00000000efa80000,0x00000000f0180000)
 ParOldGen       total 42496K, used 7262K [0x00000000c3600000, 0x00000000c5f80000, 0x00000000ebd00000)
  object space 42496K, 17% used [0x00000000c3600000,0x00000000c3d178a0,0x00000000c5f80000)
 Metaspace       used 20272K, capacity 21160K, committed 21248K, reserved 1067008K
  class space    used 2572K, capacity 2786K, committed 2816K, reserved 1048576K
Event: 12.645 GC heap after
Heap after GC invocations=7 (full 1):
 PSYoungGen      total 69632K, used 0K [0x00000000ebd00000, 0x00000000f0900000, 0x0000000100000000)
  eden space 62976K, 0% used [0x00000000ebd00000,0x00000000ebd00000,0x00000000efa80000)
  from space 6656K, 0% used [0x00000000f0180000,0x00000000f0180000,0x00000000f0800000)
  to   space 7168K, 0% used [0x00000000efa80000,0x00000000efa80000,0x00000000f0180000)
 ParOldGen       total 30720K, used 8268K [0x00000000c3600000, 0x00000000c5400000, 0x00000000ebd00000)
  object space 30720K, 26% used [0x00000000c3600000,0x00000000c3e133f8,0x00000000c5400000)
 Metaspace       used 20272K, capacity 21160K, committed 21248K, reserved 1067008K
  class space    used 2572K, capacity 2786K, committed 2816K, reserved 1048576K
}
Event: 14.542 GC heap before
{Heap before GC invocations=8 (full 1):
 PSYoungGen      total 69632K, used 62976K [0x00000000ebd00000, 0x00000000f0900000, 0x0000000100000000)
  eden space 62976K, 100% used [0x00000000ebd00000,0x00000000efa80000,0x00000000efa80000)
  from space 6656K, 0% used [0x00000000f0180000,0x00000000f0180000,0x00000000f0800000)
  to   space 7168K, 0% used [0x00000000efa80000,0x00000000efa80000,0x00000000f0180000)
 ParOldGen       total 30720K, used 8268K [0x00000000c3600000, 0x00000000c5400000, 0x00000000ebd00000)
  object space 30720K, 26% used [0x00000000c3600000,0x00000000c3e133f8,0x00000000c5400000)
 Metaspace       used 23046K, capacity 24178K, committed 24576K, reserved 1071104K
  class space    used 2983K, capacity 3229K, committed 3328K, reserved 1048576K
Event: 14.555 GC heap after
Heap after GC invocations=8 (full 1):
 PSYoungGen      total 70144K, used 5206K [0x00000000ebd00000, 0x00000000f3a80000, 0x0000000100000000)
  eden space 62976K, 0% used [0x00000000ebd00000,0x00000000ebd00000,0x00000000efa80000)
  from space 7168K, 72% used [0x00000000efa80000,0x00000000eff959b0,0x00000000f0180000)
  to   space 7168K, 0% used [0x00000000f3380000,0x00000000f3380000,0x00000000f3a80000)
 ParOldGen       total 30720K, used 8276K [0x00000000c3600000, 0x00000000c5400000, 0x00000000ebd00000)
  object space 30720K, 26% used [0x00000000c3600000,0x00000000c3e153f8,0x00000000c5400000)
 Metaspace       used 23046K, capacity 24178K, committed 24576K, reserved 1071104K
  class space    used 2983K, capacity 3229K, committed 3328K, reserved 1048576K
}
Event: 18.035 GC heap before
{Heap before GC invocations=9 (full 1):
 PSYoungGen      total 70144K, used 68182K [0x00000000ebd00000, 0x00000000f3a80000, 0x0000000100000000)
  eden space 62976K, 100% used [0x00000000ebd00000,0x00000000efa80000,0x00000000efa80000)
  from space 7168K, 72% used [0x00000000efa80000,0x00000000eff959b0,0x00000000f0180000)
  to   space 7168K, 0% used [0x00000000f3380000,0x00000000f3380000,0x00000000f3a80000)
 ParOldGen       total 30720K, used 8276K [0x00000000c3600000, 0x00000000c5400000, 0x00000000ebd00000)
  object space 30720K, 26% used [0x00000000c3600000,0x00000000c3e153f8,0x00000000c5400000)
 Metaspace       used 27538K, capacity 29372K, committed 29568K, reserved 1075200K
  class space    used 3612K, capacity 3964K, committed 3968K, reserved 1048576K
Event: 18.073 GC heap after
Heap after GC invocations=9 (full 1):
 PSYoungGen      total 119808K, used 7140K [0x00000000ebd00000, 0x00000000f3c00000, 0x0000000100000000)
  eden space 112640K, 0% used [0x00000000ebd00000,0x00000000ebd00000,0x00000000f2b00000)
  from space 7168K, 99% used [0x00000000f3380000,0x00000000f3a79160,0x00000000f3a80000)
  to   space 8704K, 0% used [0x00000000f2b00000,0x00000000f2b00000,0x00000000f3380000)
 ParOldGen       total 30720K, used 9046K [0x00000000c3600000, 0x00000000c5400000, 0x00000000ebd00000)
  object space 30720K, 29% used [0x00000000c3600000,0x00000000c3ed5888,0x00000000c5400000)
 Metaspace       used 27538K, capacity 29372K, committed 29568K, reserved 1075200K
  class space    used 3612K, capacity 3964K, committed 3968K, reserved 1048576K
}
Event: 173.880 GC heap before
{Heap before GC invocations=10 (full 1):
 PSYoungGen      total 119808K, used 119780K [0x00000000ebd00000, 0x00000000f3c00000, 0x0000000100000000)
  eden space 112640K, 100% used [0x00000000ebd00000,0x00000000f2b00000,0x00000000f2b00000)
  from space 7168K, 99% used [0x00000000f3380000,0x00000000f3a79160,0x00000000f3a80000)
  to   space 8704K, 0% used [0x00000000f2b00000,0x00000000f2b00000,0x00000000f3380000)
 ParOldGen       total 30720K, used 9046K [0x00000000c3600000, 0x00000000c5400000, 0x00000000ebd00000)
  object space 30720K, 29% used [0x00000000c3600000,0x00000000c3ed5888,0x00000000c5400000)
 Metaspace       used 32816K, capacity 35098K, committed 35328K, reserved 1079296K
  class space    used 4306K, capacity 4740K, committed 4864K, reserved 1048576K
Event: 173.991 GC heap after
Heap after GC invocations=10 (full 1):
 PSYoungGen      total 121344K, used 8698K [0x00000000ebd00000, 0x00000000f7080000, 0x0000000100000000)
  eden space 112640K, 0% used [0x00000000ebd00000,0x00000000ebd00000,0x00000000f2b00000)
  from space 8704K, 99% used [0x00000000f2b00000,0x00000000f337eb00,0x00000000f3380000)
  to   space 10752K, 0% used [0x00000000f6600000,0x00000000f6600000,0x00000000f7080000)
 ParOldGen       total 30720K, used 11092K [0x00000000c3600000, 0x00000000c5400000, 0x00000000ebd00000)
  object space 30720K, 36% used [0x00000000c3600000,0x00000000c40d5070,0x00000000c5400000)
 Metaspace       used 32816K, capacity 35098K, committed 35328K, reserved 1079296K
  class space    used 4306K, capacity 4740K, committed 4864K, reserved 1048576K
}

