# JRE version: OpenJDK Runtime Environment (8.0_432) (build 1.8.0_432-8u432-ga~us1-0ubuntu2~20.04-ga)
# Java VM: OpenJDK 64-Bit Server VM (25.432-bga mixed mode linux-amd64 compressed oops)
Heap:
 PSYoungGen      total 228352K, used 9062K [0x00000000deb80000, 0x00000000efa00000, 0x0000000100000000)
  eden space 220672K, 3% used [0x00000000deb80000,0x00000000df27cbc8,0x00000000ec300000)
  from space 7680K, 24% used [0x00000000ec300000,0x00000000ec4dd010,0x00000000eca80000)
  to   space 7680K, 0% used [0x00000000ef280000,0x00000000ef280000,0x00000000efa00000)
 ParOldGen       total 62976K, used 11705K [0x000000009c200000, 0x000000009ff80000, 0x00000000deb80000)
  object space 62976K, 18% used [0x000000009c200000,0x000000009cd6e6f0,0x000000009ff80000)
 Metaspace       used 34259K, capacity 36596K, committed 36904K, reserved 1081344K
  class space    used 4257K, capacity 4671K, committed 4736K, reserved 1048576K
GC Heap History (10 events):
Event: 10.472 GC heap before
{Heap before GC invocations=9 (full 1):
 PSYoungGen      total 107520K, used 103904K [0x00000000deb80000, 0x00000000e9c80000, 0x0000000100000000)
  eden space 101888K, 100% used [0x00000000deb80000,0x00000000e4f00000,0x00000000e4f00000)
  from space 5632K, 35% used [0x00000000e4f00000,0x00000000e50f8000,0x00000000e5480000)
  to   space 5632K, 0% used [0x00000000e9700000,0x00000000e9700000,0x00000000e9c80000)
 ParOldGen       total 38912K, used 4843K [0x000000009c200000, 0x000000009e800000, 0x00000000deb80000)
  object space 38912K, 12% used [0x000000009c200000,0x000000009c6bae78,0x000000009e800000)
 Metaspace       used 29196K, capacity 31008K, committed 31232K, reserved 1077248K
  class space    used 3675K, capacity 4024K, committed 4096K, reserved 1048576K
Event: 10.500 GC heap after
Heap after GC invocations=9 (full 1):
 PSYoungGen      total 172032K, used 5211K [0x00000000deb80000, 0x00000000e9c80000, 0x0000000100000000)
  eden space 166400K, 0% used [0x00000000deb80000,0x00000000deb80000,0x00000000e8e00000)
  from space 5632K, 92% used [0x00000000e9700000,0x00000000e9c16cb8,0x00000000e9c80000)
  to   space 6144K, 0% used [0x00000000e9080000,0x00000000e9080000,0x00000000e9680000)
 ParOldGen       total 38912K, used 4851K [0x000000009c200000, 0x000000009e800000, 0x00000000deb80000)
  object space 38912K, 12% used [0x000000009c200000,0x000000009c6bce78,0x000000009e800000)
 Metaspace       used 29196K, capacity 31008K, committed 31232K, reserved 1077248K
  class space    used 3675K, capacity 4024K, committed 4096K, reserved 1048576K
}
Event: 13.482 GC heap before
{Heap before GC invocations=10 (full 1):
 PSYoungGen      total 172032K, used 78908K [0x00000000deb80000, 0x00000000e9c80000, 0x0000000100000000)
  eden space 166400K, 44% used [0x00000000deb80000,0x00000000e3378518,0x00000000e8e00000)
  from space 5632K, 92% used [0x00000000e9700000,0x00000000e9c16cb8,0x00000000e9c80000)
  to   space 6144K, 0% used [0x00000000e9080000,0x00000000e9080000,0x00000000e9680000)
 ParOldGen       total 38912K, used 4851K [0x000000009c200000, 0x000000009e800000, 0x00000000deb80000)
  object space 38912K, 12% used [0x000000009c200000,0x000000009c6bce78,0x000000009e800000)
 Metaspace       used 33188K, capacity 35436K, committed 35496K, reserved 1081344K
  class space    used 4191K, capacity 4604K, committed 4608K, reserved 1048576K
Event: 13.523 GC heap after
Heap after GC invocations=10 (full 1):
 PSYoungGen      total 175104K, used 6136K [0x00000000deb80000, 0x00000000ed800000, 0x0000000100000000)
  eden space 168960K, 0% used [0x00000000deb80000,0x00000000deb80000,0x00000000e9080000)
  from space 6144K, 99% used [0x00000000e9080000,0x00000000e967e2a0,0x00000000e9680000)
  to   space 7680K, 0% used [0x00000000ed080000,0x00000000ed080000,0x00000000ed800000)
 ParOldGen       total 38912K, used 6131K [0x000000009c200000, 0x000000009e800000, 0x00000000deb80000)
  object space 38912K, 15% used [0x000000009c200000,0x000000009c7fce78,0x000000009e800000)
 Metaspace       used 33188K, capacity 35436K, committed 35496K, reserved 1081344K
  class space    used 4191K, capacity 4604K, committed 4608K, reserved 1048576K
}
Event: 13.523 GC heap before
{Heap before GC invocations=11 (full 2):
 PSYoungGen      total 175104K, used 6136K [0x00000000deb80000, 0x00000000ed800000, 0x0000000100000000)
  eden space 168960K, 0% used [0x00000000deb80000,0x00000000deb80000,0x00000000e9080000)
  from space 6144K, 99% used [0x00000000e9080000,0x00000000e967e2a0,0x00000000e9680000)
  to   space 7680K, 0% used [0x00000000ed080000,0x00000000ed080000,0x00000000ed800000)
 ParOldGen       total 38912K, used 6131K [0x000000009c200000, 0x000000009e800000, 0x00000000deb80000)
  object space 38912K, 15% used [0x000000009c200000,0x000000009c7fce78,0x000000009e800000)
 Metaspace       used 33188K, capacity 35436K, committed 35496K, reserved 1081344K
  class space    used 4191K, capacity 4604K, committed 4608K, reserved 1048576K
Event: 13.739 GC heap after
Heap after GC invocations=11 (full 2):
 PSYoungGen      total 175104K, used 0K [0x00000000deb80000, 0x00000000ed800000, 0x0000000100000000)
  eden space 168960K, 0% used [0x00000000deb80000,0x00000000deb80000,0x00000000e9080000)
  from space 6144K, 0% used [0x00000000e9080000,0x00000000e9080000,0x00000000e9680000)
  to   space 7680K, 0% used [0x00000000ed080000,0x00000000ed080000,0x00000000ed800000)
 ParOldGen       total 62976K, used 11689K [0x000000009c200000, 0x000000009ff80000, 0x00000000deb80000)
  object space 62976K, 18% used [0x000000009c200000,0x000000009cd6a6f0,0x000000009ff80000)
 Metaspace       used 33188K, capacity 35436K, committed 35496K, reserved 1081344K
  class space    used 4191K, capacity 4604K, committed 4608K, reserved 1048576K
}
Event: 81.811 GC heap before
{Heap before GC invocations=12 (full 2):
 PSYoungGen      total 175104K, used 168960K [0x00000000deb80000, 0x00000000ed800000, 0x0000000100000000)
  eden space 168960K, 100% used [0x00000000deb80000,0x00000000e9080000,0x00000000e9080000)
  from space 6144K, 0% used [0x00000000e9080000,0x00000000e9080000,0x00000000e9680000)
  to   space 7680K, 0% used [0x00000000ed080000,0x00000000ed080000,0x00000000ed800000)
 ParOldGen       total 62976K, used 11689K [0x000000009c200000, 0x000000009ff80000, 0x00000000deb80000)
  object space 62976K, 18% used [0x000000009c200000,0x000000009cd6a6f0,0x000000009ff80000)
 Metaspace       used 33721K, capacity 36040K, committed 36136K, reserved 1081344K
  class space    used 4229K, capacity 4660K, committed 4736K, reserved 1048576K
Event: 81.846 GC heap after
Heap after GC invocations=12 (full 2):
 PSYoungGen      total 215040K, used 1236K [0x00000000deb80000, 0x00000000ed200000, 0x0000000100000000)
  eden space 213504K, 0% used [0x00000000deb80000,0x00000000deb80000,0x00000000ebc00000)
  from space 1536K, 80% used [0x00000000ed080000,0x00000000ed1b5020,0x00000000ed200000)
  to   space 7680K, 0% used [0x00000000ec300000,0x00000000ec300000,0x00000000eca80000)
 ParOldGen       total 62976K, used 11697K [0x000000009c200000, 0x000000009ff80000, 0x00000000deb80000)
  object space 62976K, 18% used [0x000000009c200000,0x000000009cd6c6f0,0x000000009ff80000)
 Metaspace       used 33721K, capacity 36040K, committed 36136K, reserved 1081344K
  class space    used 4229K, capacity 4660K, committed 4736K, reserved 1048576K
}
Event: 105.918 GC heap before
{Heap before GC invocations=13 (full 2):
 PSYoungGen      total 215040K, used 214740K [0x00000000deb80000, 0x00000000ed200000, 0x0000000100000000)
  eden space 213504K, 100% used [0x00000000deb80000,0x00000000ebc00000,0x00000000ebc00000)
  from space 1536K, 80% used [0x00000000ed080000,0x00000000ed1b5020,0x00000000ed200000)
  to   space 7680K, 0% used [0x00000000ec300000,0x00000000ec300000,0x00000000eca80000)
 ParOldGen       total 62976K, used 11697K [0x000000009c200000, 0x000000009ff80000, 0x00000000deb80000)
  object space 62976K, 18% used [0x000000009c200000,0x000000009cd6c6f0,0x000000009ff80000)
 Metaspace       used 34239K, capacity 36518K, committed 36648K, reserved 1081344K
  class space    used 4253K, capacity 4666K, committed 4736K, reserved 1048576K
Event: 105.935 GC heap after
Heap after GC invocations=13 (full 2):
 PSYoungGen      total 228352K, used 1908K [0x00000000deb80000, 0x00000000efa00000, 0x0000000100000000)
  eden space 220672K, 0% used [0x00000000deb80000,0x00000000deb80000,0x00000000ec300000)
  from space 7680K, 24% used [0x00000000ec300000,0x00000000ec4dd010,0x00000000eca80000)
  to   space 7680K, 0% used [0x00000000ef280000,0x00000000ef280000,0x00000000efa00000)
 ParOldGen       total 62976K, used 11705K [0x000000009c200000, 0x000000009ff80000, 0x00000000deb80000)
  object space 62976K, 18% used [0x000000009c200000,0x000000009cd6e6f0,0x000000009ff80000)
 Metaspace       used 34239K, capacity 36518K, committed 36648K, reserved 1081344K
  class space    used 4253K, capacity 4666K, committed 4736K, reserved 1048576K
}

