# JRE version: OpenJDK Runtime Environment (8.0_422-b05) (build 1.8.0_422-8u422-b05-1~20.04-b05)
# Java VM: OpenJDK 64-Bit Server VM (25.422-b05 mixed mode linux-amd64 compressed oops)
Heap:
 PSYoungGen      total 107008K, used 50561K [0x00000000ebd00000, 0x00000000f4f00000, 0x0000000100000000)
  eden space 98304K, 42% used [0x00000000ebd00000,0x00000000ee5e2408,0x00000000f1d00000)
  from space 8704K, 99% used [0x00000000f1d00000,0x00000000f257e128,0x00000000f2580000)
  to   space 10240K, 0% used [0x00000000f4500000,0x00000000f4500000,0x00000000f4f00000)
 ParOldGen       total 32768K, used 9532K [0x00000000c3600000, 0x00000000c5600000, 0x00000000ebd00000)
  object space 32768K, 29% used [0x00000000c3600000,0x00000000c3f4f1b0,0x00000000c5600000)
 Metaspace       used 32855K, capacity 35166K, committed 35328K, reserved 1079296K
  class space    used 4307K, capacity 4740K, committed 4864K, reserved 1048576K
GC Heap History (10 events):
Event: 9.026 GC heap before
{Heap before GC invocations=6 (full 0):
 PSYoungGen      total 34304K, used 29611K [0x00000000ebd00000, 0x00000000f0800000, 0x0000000100000000)
  eden space 31744K, 85% used [0x00000000ebd00000,0x00000000ed76d648,0x00000000edc00000)
  from space 2560K, 99% used [0x00000000edc00000,0x00000000ede7d628,0x00000000ede80000)
  to   space 6656K, 0% used [0x00000000f0180000,0x00000000f0180000,0x00000000f0800000)
 ParOldGen       total 42496K, used 7308K [0x00000000c3600000, 0x00000000c5f80000, 0x00000000ebd00000)
  object space 42496K, 17% used [0x00000000c3600000,0x00000000c3d23318,0x00000000c5f80000)
 Metaspace       used 20302K, capacity 21160K, committed 21248K, reserved 1067008K
  class space    used 2574K, capacity 2786K, committed 2816K, reserved 1048576K
Event: 9.050 GC heap after
Heap after GC invocations=6 (full 0):
 PSYoungGen      total 69632K, used 5331K [0x00000000ebd00000, 0x00000000f0900000, 0x0000000100000000)
  eden space 62976K, 0% used [0x00000000ebd00000,0x00000000ebd00000,0x00000000efa80000)
  from space 6656K, 80% used [0x00000000f0180000,0x00000000f06b4db0,0x00000000f0800000)
  to   space 7168K, 0% used [0x00000000efa80000,0x00000000efa80000,0x00000000f0180000)
 ParOldGen       total 42496K, used 7316K [0x00000000c3600000, 0x00000000c5f80000, 0x00000000ebd00000)
  object space 42496K, 17% used [0x00000000c3600000,0x00000000c3d25318,0x00000000c5f80000)
 Metaspace       used 20302K, capacity 21160K, committed 21248K, reserved 1067008K
  class space    used 2574K, capacity 2786K, committed 2816K, reserved 1048576K
}
Event: 9.050 GC heap before
{Heap before GC invocations=7 (full 1):
 PSYoungGen      total 69632K, used 5331K [0x00000000ebd00000, 0x00000000f0900000, 0x0000000100000000)
  eden space 62976K, 0% used [0x00000000ebd00000,0x00000000ebd00000,0x00000000efa80000)
  from space 6656K, 80% used [0x00000000f0180000,0x00000000f06b4db0,0x00000000f0800000)
  to   space 7168K, 0% used [0x00000000efa80000,0x00000000efa80000,0x00000000f0180000)
 ParOldGen       total 42496K, used 7316K [0x00000000c3600000, 0x00000000c5f80000, 0x00000000ebd00000)
  object space 42496K, 17% used [0x00000000c3600000,0x00000000c3d25318,0x00000000c5f80000)
 Metaspace       used 20302K, capacity 21160K, committed 21248K, reserved 1067008K
  class space    used 2574K, capacity 2786K, committed 2816K, reserved 1048576K
Event: 9.159 GC heap after
Heap after GC invocations=7 (full 1):
 PSYoungGen      total 69632K, used 0K [0x00000000ebd00000, 0x00000000f0900000, 0x0000000100000000)
  eden space 62976K, 0% used [0x00000000ebd00000,0x00000000ebd00000,0x00000000efa80000)
  from space 6656K, 0% used [0x00000000f0180000,0x00000000f0180000,0x00000000f0800000)
  to   space 7168K, 0% used [0x00000000efa80000,0x00000000efa80000,0x00000000f0180000)
 ParOldGen       total 32768K, used 6855K [0x00000000c3600000, 0x00000000c5600000, 0x00000000ebd00000)
  object space 32768K, 20% used [0x00000000c3600000,0x00000000c3cb1d50,0x00000000c5600000)
 Metaspace       used 20302K, capacity 21160K, committed 21248K, reserved 1067008K
  class space    used 2574K, capacity 2786K, committed 2816K, reserved 1048576K
}
Event: 13.090 GC heap before
{Heap before GC invocations=8 (full 1):
 PSYoungGen      total 69632K, used 62976K [0x00000000ebd00000, 0x00000000f0900000, 0x0000000100000000)
  eden space 62976K, 100% used [0x00000000ebd00000,0x00000000efa80000,0x00000000efa80000)
  from space 6656K, 0% used [0x00000000f0180000,0x00000000f0180000,0x00000000f0800000)
  to   space 7168K, 0% used [0x00000000efa80000,0x00000000efa80000,0x00000000f0180000)
 ParOldGen       total 32768K, used 6855K [0x00000000c3600000, 0x00000000c5600000, 0x00000000ebd00000)
  object space 32768K, 20% used [0x00000000c3600000,0x00000000c3cb1d50,0x00000000c5600000)
 Metaspace       used 22938K, capacity 24024K, committed 24192K, reserved 1071104K
  class space    used 2966K, capacity 3198K, committed 3200K, reserved 1048576K
Event: 13.127 GC heap after
Heap after GC invocations=8 (full 1):
 PSYoungGen      total 70144K, used 4990K [0x00000000ebd00000, 0x00000000f2c80000, 0x0000000100000000)
  eden space 62976K, 0% used [0x00000000ebd00000,0x00000000ebd00000,0x00000000efa80000)
  from space 7168K, 69% used [0x00000000efa80000,0x00000000eff5faf8,0x00000000f0180000)
  to   space 7168K, 0% used [0x00000000f2580000,0x00000000f2580000,0x00000000f2c80000)
 ParOldGen       total 32768K, used 6863K [0x00000000c3600000, 0x00000000c5600000, 0x00000000ebd00000)
  object space 32768K, 20% used [0x00000000c3600000,0x00000000c3cb3d50,0x00000000c5600000)
 Metaspace       used 22938K, capacity 24024K, committed 24192K, reserved 1071104K
  class space    used 2966K, capacity 3198K, committed 3200K, reserved 1048576K
}
Event: 15.797 GC heap before
{Heap before GC invocations=9 (full 1):
 PSYoungGen      total 70144K, used 67966K [0x00000000ebd00000, 0x00000000f2c80000, 0x0000000100000000)
  eden space 62976K, 100% used [0x00000000ebd00000,0x00000000efa80000,0x00000000efa80000)
  from space 7168K, 69% used [0x00000000efa80000,0x00000000eff5faf8,0x00000000f0180000)
  to   space 7168K, 0% used [0x00000000f2580000,0x00000000f2580000,0x00000000f2c80000)
 ParOldGen       total 32768K, used 6863K [0x00000000c3600000, 0x00000000c5600000, 0x00000000ebd00000)
  object space 32768K, 20% used [0x00000000c3600000,0x00000000c3cb3d50,0x00000000c5600000)
 Metaspace       used 27470K, capacity 29302K, committed 29312K, reserved 1075200K
  class space    used 3597K, capacity 3961K, committed 3968K, reserved 1048576K
Event: 15.838 GC heap after
Heap after GC invocations=9 (full 1):
 PSYoungGen      total 105472K, used 7151K [0x00000000ebd00000, 0x00000000f2f00000, 0x0000000100000000)
  eden space 98304K, 0% used [0x00000000ebd00000,0x00000000ebd00000,0x00000000f1d00000)
  from space 7168K, 99% used [0x00000000f2580000,0x00000000f2c7bcd0,0x00000000f2c80000)
  to   space 8704K, 0% used [0x00000000f1d00000,0x00000000f1d00000,0x00000000f2580000)
 ParOldGen       total 32768K, used 7606K [0x00000000c3600000, 0x00000000c5600000, 0x00000000ebd00000)
  object space 32768K, 23% used [0x00000000c3600000,0x00000000c3d6db80,0x00000000c5600000)
 Metaspace       used 27470K, capacity 29302K, committed 29312K, reserved 1075200K
  class space    used 3597K, capacity 3961K, committed 3968K, reserved 1048576K
}
Event: 109.425 GC heap before
{Heap before GC invocations=10 (full 1):
 PSYoungGen      total 105472K, used 105455K [0x00000000ebd00000, 0x00000000f2f00000, 0x0000000100000000)
  eden space 98304K, 100% used [0x00000000ebd00000,0x00000000f1d00000,0x00000000f1d00000)
  from space 7168K, 99% used [0x00000000f2580000,0x00000000f2c7bcd0,0x00000000f2c80000)
  to   space 8704K, 0% used [0x00000000f1d00000,0x00000000f1d00000,0x00000000f2580000)
 ParOldGen       total 32768K, used 7606K [0x00000000c3600000, 0x00000000c5600000, 0x00000000ebd00000)
  object space 32768K, 23% used [0x00000000c3600000,0x00000000c3d6db80,0x00000000c5600000)
 Metaspace       used 32651K, capacity 34974K, committed 35328K, reserved 1079296K
  class space    used 4294K, capacity 4740K, committed 4864K, reserved 1048576K
Event: 109.548 GC heap after
Heap after GC invocations=10 (full 1):
 PSYoungGen      total 107008K, used 8696K [0x00000000ebd00000, 0x00000000f4f00000, 0x0000000100000000)
  eden space 98304K, 0% used [0x00000000ebd00000,0x00000000ebd00000,0x00000000f1d00000)
  from space 8704K, 99% used [0x00000000f1d00000,0x00000000f257e128,0x00000000f2580000)
  to   space 10240K, 0% used [0x00000000f4500000,0x00000000f4500000,0x00000000f4f00000)
 ParOldGen       total 32768K, used 9532K [0x00000000c3600000, 0x00000000c5600000, 0x00000000ebd00000)
  object space 32768K, 29% used [0x00000000c3600000,0x00000000c3f4f1b0,0x00000000c5600000)
 Metaspace       used 32651K, capacity 34974K, committed 35328K, reserved 1079296K
  class space    used 4294K, capacity 4740K, committed 4864K, reserved 1048576K
}

