# JRE version: OpenJDK Runtime Environment (8.0_442-b06) (build 1.8.0_442-8u442-b06~us1-0ubuntu1~20.04-b06)
# Java VM: OpenJDK 64-Bit Server VM (25.442-b06 mixed mode linux-amd64 compressed oops)
Heap:
 PSYoungGen      total 55296K, used 37999K [0x00000000deb80000, 0x00000000e2580000, 0x0000000100000000)
  eden space 51200K, 66% used [0x00000000deb80000,0x00000000e0c9d758,0x00000000e1d80000)
  from space 4096K, 99% used [0x00000000e2180000,0x00000000e257e698,0x00000000e2580000)
  to   space 4096K, 0% used [0x00000000e1d80000,0x00000000e1d80000,0x00000000e2180000)
 ParOldGen       total 68608K, used 4530K [0x000000009c200000, 0x00000000a0500000, 0x00000000deb80000)
  object space 68608K, 6% used [0x000000009c200000,0x000000009c66cb80,0x00000000a0500000)
 Metaspace       used 17374K, capacity 17696K, committed 18048K, reserved 1064960K
  class space    used 2071K, capacity 2169K, committed 2176K, reserved 1048576K
GC Heap History (8 events):
Event: 1.566 GC heap before
{Heap before GC invocations=1 (full 0):
 PSYoungGen      total 29696K, used 25600K [0x00000000deb80000, 0x00000000e0c80000, 0x0000000100000000)
  eden space 25600K, 100% used [0x00000000deb80000,0x00000000e0480000,0x00000000e0480000)
  from space 4096K, 0% used [0x00000000e0880000,0x00000000e0880000,0x00000000e0c80000)
  to   space 4096K, 0% used [0x00000000e0480000,0x00000000e0480000,0x00000000e0880000)
 ParOldGen       total 68608K, used 0K [0x000000009c200000, 0x00000000a0500000, 0x00000000deb80000)
  object space 68608K, 0% used [0x000000009c200000,0x000000009c200000,0x00000000a0500000)
 Metaspace       used 11143K, capacity 11466K, committed 11776K, reserved 1058816K
  class space    used 1318K, capacity 1432K, committed 1536K, reserved 1048576K
Event: 1.579 GC heap after
Heap after GC invocations=1 (full 0):
 PSYoungGen      total 29696K, used 3557K [0x00000000deb80000, 0x00000000e0c80000, 0x0000000100000000)
  eden space 25600K, 0% used [0x00000000deb80000,0x00000000deb80000,0x00000000e0480000)
  from space 4096K, 86% used [0x00000000e0480000,0x00000000e07f9488,0x00000000e0880000)
  to   space 4096K, 0% used [0x00000000e0880000,0x00000000e0880000,0x00000000e0c80000)
 ParOldGen       total 68608K, used 16K [0x000000009c200000, 0x00000000a0500000, 0x00000000deb80000)
  object space 68608K, 0% used [0x000000009c200000,0x000000009c204000,0x00000000a0500000)
 Metaspace       used 11143K, capacity 11466K, committed 11776K, reserved 1058816K
  class space    used 1318K, capacity 1432K, committed 1536K, reserved 1048576K
}
Event: 1.971 GC heap before
{Heap before GC invocations=2 (full 0):
 PSYoungGen      total 29696K, used 29157K [0x00000000deb80000, 0x00000000e0c80000, 0x0000000100000000)
  eden space 25600K, 100% used [0x00000000deb80000,0x00000000e0480000,0x00000000e0480000)
  from space 4096K, 86% used [0x00000000e0480000,0x00000000e07f9488,0x00000000e0880000)
  to   space 4096K, 0% used [0x00000000e0880000,0x00000000e0880000,0x00000000e0c80000)
 ParOldGen       total 68608K, used 16K [0x000000009c200000, 0x00000000a0500000, 0x00000000deb80000)
  object space 68608K, 0% used [0x000000009c200000,0x000000009c204000,0x00000000a0500000)
 Metaspace       used 13071K, capacity 13396K, committed 13696K, reserved 1060864K
  class space    used 1525K, capacity 1645K, committed 1664K, reserved 1048576K
Event: 1.982 GC heap after
Heap after GC invocations=2 (full 0):
 PSYoungGen      total 29696K, used 4089K [0x00000000deb80000, 0x00000000e2580000, 0x0000000100000000)
  eden space 25600K, 0% used [0x00000000deb80000,0x00000000deb80000,0x00000000e0480000)
  from space 4096K, 99% used [0x00000000e0880000,0x00000000e0c7e698,0x00000000e0c80000)
  to   space 4096K, 0% used [0x00000000e0480000,0x00000000e0480000,0x00000000e0880000)
 ParOldGen       total 68608K, used 2177K [0x000000009c200000, 0x00000000a0500000, 0x00000000deb80000)
  object space 68608K, 3% used [0x000000009c200000,0x000000009c4207f0,0x00000000a0500000)
 Metaspace       used 13071K, capacity 13396K, committed 13696K, reserved 1060864K
  class space    used 1525K, capacity 1645K, committed 1664K, reserved 1048576K
}
Event: 2.372 GC heap before
{Heap before GC invocations=3 (full 0):
 PSYoungGen      total 29696K, used 29689K [0x00000000deb80000, 0x00000000e2580000, 0x0000000100000000)
  eden space 25600K, 100% used [0x00000000deb80000,0x00000000e0480000,0x00000000e0480000)
  from space 4096K, 99% used [0x00000000e0880000,0x00000000e0c7e698,0x00000000e0c80000)
  to   space 4096K, 0% used [0x00000000e0480000,0x00000000e0480000,0x00000000e0880000)
 ParOldGen       total 68608K, used 2177K [0x000000009c200000, 0x00000000a0500000, 0x00000000deb80000)
  object space 68608K, 3% used [0x000000009c200000,0x000000009c4207f0,0x00000000a0500000)
 Metaspace       used 14251K, capacity 14618K, committed 14976K, reserved 1062912K
  class space    used 1697K, capacity 1838K, committed 1920K, reserved 1048576K
Event: 2.380 GC heap after
Heap after GC invocations=3 (full 0):
 PSYoungGen      total 29696K, used 4089K [0x00000000deb80000, 0x00000000e2580000, 0x0000000100000000)
  eden space 25600K, 0% used [0x00000000deb80000,0x00000000deb80000,0x00000000e0480000)
  from space 4096K, 99% used [0x00000000e0480000,0x00000000e087e698,0x00000000e0880000)
  to   space 4096K, 0% used [0x00000000e2180000,0x00000000e2180000,0x00000000e2580000)
 ParOldGen       total 68608K, used 3405K [0x000000009c200000, 0x00000000a0500000, 0x00000000deb80000)
  object space 68608K, 4% used [0x000000009c200000,0x000000009c553768,0x00000000a0500000)
 Metaspace       used 14251K, capacity 14618K, committed 14976K, reserved 1062912K
  class space    used 1697K, capacity 1838K, committed 1920K, reserved 1048576K
}
Event: 2.805 GC heap before
{Heap before GC invocations=4 (full 0):
 PSYoungGen      total 29696K, used 29689K [0x00000000deb80000, 0x00000000e2580000, 0x0000000100000000)
  eden space 25600K, 100% used [0x00000000deb80000,0x00000000e0480000,0x00000000e0480000)
  from space 4096K, 99% used [0x00000000e0480000,0x00000000e087e698,0x00000000e0880000)
  to   space 4096K, 0% used [0x00000000e2180000,0x00000000e2180000,0x00000000e2580000)
 ParOldGen       total 68608K, used 3405K [0x000000009c200000, 0x00000000a0500000, 0x00000000deb80000)
  object space 68608K, 4% used [0x000000009c200000,0x000000009c553768,0x00000000a0500000)
 Metaspace       used 15446K, capacity 15814K, committed 16128K, reserved 1062912K
  class space    used 1817K, capacity 1936K, committed 2048K, reserved 1048576K
Event: 2.816 GC heap after
Heap after GC invocations=4 (full 0):
 PSYoungGen      total 55296K, used 4089K [0x00000000deb80000, 0x00000000e2580000, 0x0000000100000000)
  eden space 51200K, 0% used [0x00000000deb80000,0x00000000deb80000,0x00000000e1d80000)
  from space 4096K, 99% used [0x00000000e2180000,0x00000000e257e698,0x00000000e2580000)
  to   space 4096K, 0% used [0x00000000e1d80000,0x00000000e1d80000,0x00000000e2180000)
 ParOldGen       total 68608K, used 4530K [0x000000009c200000, 0x00000000a0500000, 0x00000000deb80000)
  object space 68608K, 6% used [0x000000009c200000,0x000000009c66cb80,0x00000000a0500000)
 Metaspace       used 15446K, capacity 15814K, committed 16128K, reserved 1062912K
  class space    used 1817K, capacity 1936K, committed 2048K, reserved 1048576K
}

