# JRE version: OpenJDK Runtime Environment (8.0_442-b06) (build 1.8.0_442-8u442-b06~us1-0ubuntu1~20.04-b06)
# Java VM: OpenJDK 64-Bit Server VM (25.442-b06 mixed mode linux-amd64 compressed oops)
Heap:
 PSYoungGen      total 482304K, used 228027K [0x00000000deb80000, 0x00000000ff700000, 0x0000000100000000)
  eden space 476672K, 46% used [0x00000000deb80000,0x00000000ec500198,0x00000000fbd00000)
  from space 5632K, 94% used [0x00000000ff180000,0x00000000ff6aedd0,0x00000000ff700000)
  to   space 10752K, 0% used [0x00000000fe200000,0x00000000fe200000,0x00000000fec80000)
 ParOldGen       total 67072K, used 39760K [0x000000009c200000, 0x00000000a0380000, 0x00000000deb80000)
  object space 67072K, 59% used [0x000000009c200000,0x000000009e8d43a8,0x00000000a0380000)
 Metaspace       used 37444K, capacity 39922K, committed 40192K, reserved 1085440K
  class space    used 4584K, capacity 5019K, committed 5120K, reserved 1048576K
GC Heap History (10 events):
Event: 463.033 GC heap before
{Heap before GC invocations=30 (full 2):
 PSYoungGen      total 534528K, used 530608K [0x00000000deb80000, 0x0000000100000000, 0x0000000100000000)
  eden space 525312K, 100% used [0x00000000deb80000,0x00000000fec80000,0x00000000fec80000)
  from space 9216K, 57% used [0x00000000fec80000,0x00000000ff1ac398,0x00000000ff580000)
  to   space 9216K, 0% used [0x00000000ff700000,0x00000000ff700000,0x0000000100000000)
 ParOldGen       total 67072K, used 33727K [0x000000009c200000, 0x00000000a0380000, 0x00000000deb80000)
  object space 67072K, 50% used [0x000000009c200000,0x000000009e2efdd8,0x00000000a0380000)
 Metaspace       used 37388K, capacity 39786K, committed 39936K, reserved 1083392K
  class space    used 4583K, capacity 5019K, committed 5120K, reserved 1048576K
Event: 463.050 GC heap after
Heap after GC invocations=30 (full 2):
 PSYoungGen      total 535040K, used 6823K [0x00000000deb80000, 0x0000000100000000, 0x0000000100000000)
  eden space 525824K, 0% used [0x00000000deb80000,0x00000000deb80000,0x00000000fed00000)
  from space 9216K, 74% used [0x00000000ff700000,0x00000000ffda9f78,0x0000000100000000)
  to   space 9728K, 0% used [0x00000000fed00000,0x00000000fed00000,0x00000000ff680000)
 ParOldGen       total 67072K, used 33735K [0x000000009c200000, 0x00000000a0380000, 0x00000000deb80000)
  object space 67072K, 50% used [0x000000009c200000,0x000000009e2f1dd8,0x00000000a0380000)
 Metaspace       used 37388K, capacity 39786K, committed 39936K, reserved 1083392K
  class space    used 4583K, capacity 5019K, committed 5120K, reserved 1048576K
}
Event: 474.869 GC heap before
{Heap before GC invocations=31 (full 2):
 PSYoungGen      total 535040K, used 532647K [0x00000000deb80000, 0x0000000100000000, 0x0000000100000000)
  eden space 525824K, 100% used [0x00000000deb80000,0x00000000fed00000,0x00000000fed00000)
  from space 9216K, 74% used [0x00000000ff700000,0x00000000ffda9f78,0x0000000100000000)
  to   space 9728K, 0% used [0x00000000fed00000,0x00000000fed00000,0x00000000ff680000)
 ParOldGen       total 67072K, used 33735K [0x000000009c200000, 0x00000000a0380000, 0x00000000deb80000)
  object space 67072K, 50% used [0x000000009c200000,0x000000009e2f1dd8,0x00000000a0380000)
 Metaspace       used 37420K, capacity 39854K, committed 40192K, reserved 1085440K
  class space    used 4583K, capacity 5019K, committed 5120K, reserved 1048576K
Event: 474.976 GC heap after
Heap after GC invocations=31 (full 2):
 PSYoungGen      total 535552K, used 9727K [0x00000000deb80000, 0x0000000100000000, 0x0000000100000000)
  eden space 525824K, 0% used [0x00000000deb80000,0x00000000deb80000,0x00000000fed00000)
  from space 9728K, 99% used [0x00000000fed00000,0x00000000ff67ff58,0x00000000ff680000)
  to   space 9728K, 0% used [0x00000000ff680000,0x00000000ff680000,0x0000000100000000)
 ParOldGen       total 67072K, used 34223K [0x000000009c200000, 0x00000000a0380000, 0x00000000deb80000)
  object space 67072K, 51% used [0x000000009c200000,0x000000009e36bdd8,0x00000000a0380000)
 Metaspace       used 37420K, capacity 39854K, committed 40192K, reserved 1085440K
  class space    used 4583K, capacity 5019K, committed 5120K, reserved 1048576K
}
Event: 490.165 GC heap before
{Heap before GC invocations=32 (full 2):
 PSYoungGen      total 535552K, used 535551K [0x00000000deb80000, 0x0000000100000000, 0x0000000100000000)
  eden space 525824K, 100% used [0x00000000deb80000,0x00000000fed00000,0x00000000fed00000)
  from space 9728K, 99% used [0x00000000fed00000,0x00000000ff67ff58,0x00000000ff680000)
  to   space 9728K, 0% used [0x00000000ff680000,0x00000000ff680000,0x0000000100000000)
 ParOldGen       total 67072K, used 34223K [0x000000009c200000, 0x00000000a0380000, 0x00000000deb80000)
  object space 67072K, 51% used [0x000000009c200000,0x000000009e36bdd8,0x00000000a0380000)
 Metaspace       used 37421K, capacity 39854K, committed 40192K, reserved 1085440K
  class space    used 4584K, capacity 5019K, committed 5120K, reserved 1048576K
Event: 490.218 GC heap after
Heap after GC invocations=32 (full 2):
 PSYoungGen      total 532480K, used 5453K [0x00000000deb80000, 0x0000000100000000, 0x0000000100000000)
  eden space 522752K, 0% used [0x00000000deb80000,0x00000000deb80000,0x00000000fea00000)
  from space 9728K, 56% used [0x00000000ff680000,0x00000000ffbd35d0,0x0000000100000000)
  to   space 11264K, 0% used [0x00000000fea00000,0x00000000fea00000,0x00000000ff500000)
 ParOldGen       total 67072K, used 39260K [0x000000009c200000, 0x00000000a0380000, 0x00000000deb80000)
  object space 67072K, 58% used [0x000000009c200000,0x000000009e857180,0x00000000a0380000)
 Metaspace       used 37421K, capacity 39854K, committed 40192K, reserved 1085440K
  class space    used 4584K, capacity 5019K, committed 5120K, reserved 1048576K
}
Event: 504.897 GC heap before
{Heap before GC invocations=33 (full 2):
 PSYoungGen      total 532480K, used 528205K [0x00000000deb80000, 0x0000000100000000, 0x0000000100000000)
  eden space 522752K, 100% used [0x00000000deb80000,0x00000000fea00000,0x00000000fea00000)
  from space 9728K, 56% used [0x00000000ff680000,0x00000000ffbd35d0,0x0000000100000000)
  to   space 11264K, 0% used [0x00000000fea00000,0x00000000fea00000,0x00000000ff500000)
 ParOldGen       total 67072K, used 39260K [0x000000009c200000, 0x00000000a0380000, 0x00000000deb80000)
  object space 67072K, 58% used [0x000000009c200000,0x000000009e857180,0x00000000a0380000)
 Metaspace       used 37423K, capacity 39854K, committed 40192K, reserved 1085440K
  class space    used 4584K, capacity 5019K, committed 5120K, reserved 1048576K
Event: 504.980 GC heap after
Heap after GC invocations=33 (full 2):
 PSYoungGen      total 506880K, used 7406K [0x00000000deb80000, 0x00000000ff700000, 0x0000000100000000)
  eden space 499200K, 0% used [0x00000000deb80000,0x00000000deb80000,0x00000000fd300000)
  from space 7680K, 96% used [0x00000000fea00000,0x00000000ff13ba70,0x00000000ff180000)
  to   space 5632K, 0% used [0x00000000ff180000,0x00000000ff180000,0x00000000ff700000)
 ParOldGen       total 67072K, used 39260K [0x000000009c200000, 0x00000000a0380000, 0x00000000deb80000)
  object space 67072K, 58% used [0x000000009c200000,0x000000009e857180,0x00000000a0380000)
 Metaspace       used 37423K, capacity 39854K, committed 40192K, reserved 1085440K
  class space    used 4584K, capacity 5019K, committed 5120K, reserved 1048576K
}
Event: 516.265 GC heap before
{Heap before GC invocations=34 (full 2):
 PSYoungGen      total 506880K, used 506606K [0x00000000deb80000, 0x00000000ff700000, 0x0000000100000000)
  eden space 499200K, 100% used [0x00000000deb80000,0x00000000fd300000,0x00000000fd300000)
  from space 7680K, 96% used [0x00000000fea00000,0x00000000ff13ba70,0x00000000ff180000)
  to   space 5632K, 0% used [0x00000000ff180000,0x00000000ff180000,0x00000000ff700000)
 ParOldGen       total 67072K, used 39260K [0x000000009c200000, 0x00000000a0380000, 0x00000000deb80000)
  object space 67072K, 58% used [0x000000009c200000,0x000000009e857180,0x00000000a0380000)
 Metaspace       used 37425K, capacity 39854K, committed 40192K, reserved 1085440K
  class space    used 4584K, capacity 5019K, committed 5120K, reserved 1048576K
Event: 516.284 GC heap after
Heap after GC invocations=34 (full 2):
 PSYoungGen      total 482304K, used 5307K [0x00000000deb80000, 0x00000000ff700000, 0x0000000100000000)
  eden space 476672K, 0% used [0x00000000deb80000,0x00000000deb80000,0x00000000fbd00000)
  from space 5632K, 94% used [0x00000000ff180000,0x00000000ff6aedd0,0x00000000ff700000)
  to   space 10752K, 0% used [0x00000000fe200000,0x00000000fe200000,0x00000000fec80000)
 ParOldGen       total 67072K, used 39760K [0x000000009c200000, 0x00000000a0380000, 0x00000000deb80000)
  object space 67072K, 59% used [0x000000009c200000,0x000000009e8d43a8,0x00000000a0380000)
 Metaspace       used 37425K, capacity 39854K, committed 40192K, reserved 1085440K
  class space    used 4584K, capacity 5019K, committed 5120K, reserved 1048576K
}

