# JRE version: OpenJDK Runtime Environment (8.0_422-b05) (build 1.8.0_422-8u422-b05-1~20.04-b05)
# Java VM: OpenJDK 64-Bit Server VM (25.422-b05 mixed mode linux-amd64 compressed oops)
Heap:
 PSYoungGen      total 106496K, used 72569K [0x00000000ebd00000, 0x00000000f5000000, 0x0000000100000000)
  eden space 98304K, 65% used [0x00000000ebd00000,0x00000000efbdf3d8,0x00000000f1d00000)
  from space 8192K, 99% used [0x00000000f1d00000,0x00000000f24ff050,0x00000000f2500000)
  to   space 10240K, 0% used [0x00000000f4600000,0x00000000f4600000,0x00000000f5000000)
 ParOldGen       total 34816K, used 13277K [0x00000000c3600000, 0x00000000c5800000, 0x00000000ebd00000)
  object space 34816K, 38% used [0x00000000c3600000,0x00000000c42f7648,0x00000000c5800000)
 Metaspace       used 32889K, capacity 35158K, committed 35328K, reserved 1079296K
  class space    used 4308K, capacity 4740K, committed 4864K, reserved 1048576K
GC Heap History (10 events):
Event: 13.654 GC heap before
{Heap before GC invocations=6 (full 0):
 PSYoungGen      total 34304K, used 30578K [0x00000000ebd00000, 0x00000000f0800000, 0x0000000100000000)
  eden space 31744K, 88% used [0x00000000ebd00000,0x00000000ed860630,0x00000000edc00000)
  from space 2560K, 99% used [0x00000000edc00000,0x00000000ede7c340,0x00000000ede80000)
  to   space 6656K, 0% used [0x00000000f0180000,0x00000000f0180000,0x00000000f0800000)
 ParOldGen       total 42496K, used 7332K [0x00000000c3600000, 0x00000000c5f80000, 0x00000000ebd00000)
  object space 42496K, 17% used [0x00000000c3600000,0x00000000c3d291c0,0x00000000c5f80000)
 Metaspace       used 20316K, capacity 21156K, committed 21248K, reserved 1067008K
  class space    used 2576K, capacity 2786K, committed 2816K, reserved 1048576K
Event: 13.733 GC heap after
Heap after GC invocations=6 (full 0):
 PSYoungGen      total 69632K, used 5406K [0x00000000ebd00000, 0x00000000f0900000, 0x0000000100000000)
  eden space 62976K, 0% used [0x00000000ebd00000,0x00000000ebd00000,0x00000000efa80000)
  from space 6656K, 81% used [0x00000000f0180000,0x00000000f06c7920,0x00000000f0800000)
  to   space 7168K, 0% used [0x00000000efa80000,0x00000000efa80000,0x00000000f0180000)
 ParOldGen       total 42496K, used 7332K [0x00000000c3600000, 0x00000000c5f80000, 0x00000000ebd00000)
  object space 42496K, 17% used [0x00000000c3600000,0x00000000c3d291c0,0x00000000c5f80000)
 Metaspace       used 20316K, capacity 21156K, committed 21248K, reserved 1067008K
  class space    used 2576K, capacity 2786K, committed 2816K, reserved 1048576K
}
Event: 13.736 GC heap before
{Heap before GC invocations=7 (full 1):
 PSYoungGen      total 69632K, used 5406K [0x00000000ebd00000, 0x00000000f0900000, 0x0000000100000000)
  eden space 62976K, 0% used [0x00000000ebd00000,0x00000000ebd00000,0x00000000efa80000)
  from space 6656K, 81% used [0x00000000f0180000,0x00000000f06c7920,0x00000000f0800000)
  to   space 7168K, 0% used [0x00000000efa80000,0x00000000efa80000,0x00000000f0180000)
 ParOldGen       total 42496K, used 7332K [0x00000000c3600000, 0x00000000c5f80000, 0x00000000ebd00000)
  object space 42496K, 17% used [0x00000000c3600000,0x00000000c3d291c0,0x00000000c5f80000)
 Metaspace       used 20316K, capacity 21156K, committed 21248K, reserved 1067008K
  class space    used 2576K, capacity 2786K, committed 2816K, reserved 1048576K
Event: 13.941 GC heap after
Heap after GC invocations=7 (full 1):
 PSYoungGen      total 69632K, used 0K [0x00000000ebd00000, 0x00000000f0900000, 0x0000000100000000)
  eden space 62976K, 0% used [0x00000000ebd00000,0x00000000ebd00000,0x00000000efa80000)
  from space 6656K, 0% used [0x00000000f0180000,0x00000000f0180000,0x00000000f0800000)
  to   space 7168K, 0% used [0x00000000efa80000,0x00000000efa80000,0x00000000f0180000)
 ParOldGen       total 34816K, used 9878K [0x00000000c3600000, 0x00000000c5800000, 0x00000000ebd00000)
  object space 34816K, 28% used [0x00000000c3600000,0x00000000c3fa5910,0x00000000c5800000)
 Metaspace       used 20316K, capacity 21156K, committed 21248K, reserved 1067008K
  class space    used 2576K, capacity 2786K, committed 2816K, reserved 1048576K
}
Event: 86.618 GC heap before
{Heap before GC invocations=8 (full 1):
 PSYoungGen      total 69632K, used 62976K [0x00000000ebd00000, 0x00000000f0900000, 0x0000000100000000)
  eden space 62976K, 100% used [0x00000000ebd00000,0x00000000efa80000,0x00000000efa80000)
  from space 6656K, 0% used [0x00000000f0180000,0x00000000f0180000,0x00000000f0800000)
  to   space 7168K, 0% used [0x00000000efa80000,0x00000000efa80000,0x00000000f0180000)
 ParOldGen       total 34816K, used 9878K [0x00000000c3600000, 0x00000000c5800000, 0x00000000ebd00000)
  object space 34816K, 28% used [0x00000000c3600000,0x00000000c3fa5910,0x00000000c5800000)
 Metaspace       used 22575K, capacity 23678K, committed 23936K, reserved 1071104K
  class space    used 2914K, capacity 3141K, committed 3200K, reserved 1048576K
Event: 86.692 GC heap after
Heap after GC invocations=8 (full 1):
 PSYoungGen      total 70144K, used 4381K [0x00000000ebd00000, 0x00000000f2b80000, 0x0000000100000000)
  eden space 62976K, 0% used [0x00000000ebd00000,0x00000000ebd00000,0x00000000efa80000)
  from space 7168K, 61% used [0x00000000efa80000,0x00000000efec7518,0x00000000f0180000)
  to   space 6656K, 0% used [0x00000000f2500000,0x00000000f2500000,0x00000000f2b80000)
 ParOldGen       total 34816K, used 9886K [0x00000000c3600000, 0x00000000c5800000, 0x00000000ebd00000)
  object space 34816K, 28% used [0x00000000c3600000,0x00000000c3fa7910,0x00000000c5800000)
 Metaspace       used 22575K, capacity 23678K, committed 23936K, reserved 1071104K
  class space    used 2914K, capacity 3141K, committed 3200K, reserved 1048576K
}
Event: 90.850 GC heap before
{Heap before GC invocations=9 (full 1):
 PSYoungGen      total 70144K, used 67357K [0x00000000ebd00000, 0x00000000f2b80000, 0x0000000100000000)
  eden space 62976K, 100% used [0x00000000ebd00000,0x00000000efa80000,0x00000000efa80000)
  from space 7168K, 61% used [0x00000000efa80000,0x00000000efec7518,0x00000000f0180000)
  to   space 6656K, 0% used [0x00000000f2500000,0x00000000f2500000,0x00000000f2b80000)
 ParOldGen       total 34816K, used 9886K [0x00000000c3600000, 0x00000000c5800000, 0x00000000ebd00000)
  object space 34816K, 28% used [0x00000000c3600000,0x00000000c3fa7910,0x00000000c5800000)
 Metaspace       used 27047K, capacity 28740K, committed 29056K, reserved 1075200K
  class space    used 3520K, capacity 3876K, committed 3968K, reserved 1048576K
Event: 90.990 GC heap after
Heap after GC invocations=9 (full 1):
 PSYoungGen      total 104960K, used 6648K [0x00000000ebd00000, 0x00000000f3000000, 0x0000000100000000)
  eden space 98304K, 0% used [0x00000000ebd00000,0x00000000ebd00000,0x00000000f1d00000)
  from space 6656K, 99% used [0x00000000f2500000,0x00000000f2b7e040,0x00000000f2b80000)
  to   space 8192K, 0% used [0x00000000f1d00000,0x00000000f1d00000,0x00000000f2500000)
 ParOldGen       total 34816K, used 10943K [0x00000000c3600000, 0x00000000c5800000, 0x00000000ebd00000)
  object space 34816K, 31% used [0x00000000c3600000,0x00000000c40afd90,0x00000000c5800000)
 Metaspace       used 27047K, capacity 28740K, committed 29056K, reserved 1075200K
  class space    used 3520K, capacity 3876K, committed 3968K, reserved 1048576K
}
Event: 273.906 GC heap before
{Heap before GC invocations=10 (full 1):
 PSYoungGen      total 104960K, used 104952K [0x00000000ebd00000, 0x00000000f3000000, 0x0000000100000000)
  eden space 98304K, 100% used [0x00000000ebd00000,0x00000000f1d00000,0x00000000f1d00000)
  from space 6656K, 99% used [0x00000000f2500000,0x00000000f2b7e040,0x00000000f2b80000)
  to   space 8192K, 0% used [0x00000000f1d00000,0x00000000f1d00000,0x00000000f2500000)
 ParOldGen       total 34816K, used 10943K [0x00000000c3600000, 0x00000000c5800000, 0x00000000ebd00000)
  object space 34816K, 31% used [0x00000000c3600000,0x00000000c40afd90,0x00000000c5800000)
 Metaspace       used 32385K, capacity 34656K, committed 34944K, reserved 1079296K
  class space    used 4260K, capacity 4699K, committed 4736K, reserved 1048576K
Event: 273.983 GC heap after
Heap after GC invocations=10 (full 1):
 PSYoungGen      total 106496K, used 8188K [0x00000000ebd00000, 0x00000000f5000000, 0x0000000100000000)
  eden space 98304K, 0% used [0x00000000ebd00000,0x00000000ebd00000,0x00000000f1d00000)
  from space 8192K, 99% used [0x00000000f1d00000,0x00000000f24ff050,0x00000000f2500000)
  to   space 10240K, 0% used [0x00000000f4600000,0x00000000f4600000,0x00000000f5000000)
 ParOldGen       total 34816K, used 13277K [0x00000000c3600000, 0x00000000c5800000, 0x00000000ebd00000)
  object space 34816K, 38% used [0x00000000c3600000,0x00000000c42f7648,0x00000000c5800000)
 Metaspace       used 32385K, capacity 34656K, committed 34944K, reserved 1079296K
  class space    used 4260K, capacity 4699K, committed 4736K, reserved 1048576K
}

