# JRE version: OpenJDK Runtime Environment (8.0_422-b05) (build 1.8.0_422-8u422-b05-1~20.04-b05)
# Java VM: OpenJDK 64-Bit Server VM (25.422-b05 mixed mode linux-amd64 compressed oops)
Heap:
 PSYoungGen      total 104448K, used 62715K [0x00000000ebd00000, 0x00000000f4980000, 0x0000000100000000)
  eden space 95232K, 56% used [0x00000000ebd00000,0x00000000ef144f60,0x00000000f1a00000)
  from space 9216K, 99% used [0x00000000f1a00000,0x00000000f22f9cf8,0x00000000f2300000)
  to   space 11264K, 0% used [0x00000000f3e80000,0x00000000f3e80000,0x00000000f4980000)
 ParOldGen       total 34304K, used 10856K [0x00000000c3600000, 0x00000000c5780000, 0x00000000ebd00000)
  object space 34304K, 31% used [0x00000000c3600000,0x00000000c409a138,0x00000000c5780000)
 Metaspace       used 32840K, capacity 35170K, committed 35328K, reserved 1079296K
  class space    used 4306K, capacity 4740K, committed 4864K, reserved 1048576K
GC Heap History (10 events):
Event: 8.671 GC heap before
{Heap before GC invocations=6 (full 0):
 PSYoungGen      total 34304K, used 30606K [0x00000000ebd00000, 0x00000000f0800000, 0x0000000100000000)
  eden space 31744K, 88% used [0x00000000ebd00000,0x00000000ed86aff8,0x00000000edc00000)
  from space 2560K, 98% used [0x00000000edc00000,0x00000000ede78a08,0x00000000ede80000)
  to   space 6656K, 0% used [0x00000000f0180000,0x00000000f0180000,0x00000000f0800000)
 ParOldGen       total 42496K, used 7362K [0x00000000c3600000, 0x00000000c5f80000, 0x00000000ebd00000)
  object space 42496K, 17% used [0x00000000c3600000,0x00000000c3d30880,0x00000000c5f80000)
 Metaspace       used 20377K, capacity 21216K, committed 21248K, reserved 1067008K
  class space    used 2577K, capacity 2786K, committed 2816K, reserved 1048576K
Event: 8.706 GC heap after
Heap after GC invocations=6 (full 0):
 PSYoungGen      total 69632K, used 5403K [0x00000000ebd00000, 0x00000000f0900000, 0x0000000100000000)
  eden space 62976K, 0% used [0x00000000ebd00000,0x00000000ebd00000,0x00000000efa80000)
  from space 6656K, 81% used [0x00000000f0180000,0x00000000f06c6e58,0x00000000f0800000)
  to   space 7168K, 0% used [0x00000000efa80000,0x00000000efa80000,0x00000000f0180000)
 ParOldGen       total 42496K, used 7362K [0x00000000c3600000, 0x00000000c5f80000, 0x00000000ebd00000)
  object space 42496K, 17% used [0x00000000c3600000,0x00000000c3d30880,0x00000000c5f80000)
 Metaspace       used 20377K, capacity 21216K, committed 21248K, reserved 1067008K
  class space    used 2577K, capacity 2786K, committed 2816K, reserved 1048576K
}
Event: 8.706 GC heap before
{Heap before GC invocations=7 (full 1):
 PSYoungGen      total 69632K, used 5403K [0x00000000ebd00000, 0x00000000f0900000, 0x0000000100000000)
  eden space 62976K, 0% used [0x00000000ebd00000,0x00000000ebd00000,0x00000000efa80000)
  from space 6656K, 81% used [0x00000000f0180000,0x00000000f06c6e58,0x00000000f0800000)
  to   space 7168K, 0% used [0x00000000efa80000,0x00000000efa80000,0x00000000f0180000)
 ParOldGen       total 42496K, used 7362K [0x00000000c3600000, 0x00000000c5f80000, 0x00000000ebd00000)
  object space 42496K, 17% used [0x00000000c3600000,0x00000000c3d30880,0x00000000c5f80000)
 Metaspace       used 20377K, capacity 21216K, committed 21248K, reserved 1067008K
  class space    used 2577K, capacity 2786K, committed 2816K, reserved 1048576K
Event: 8.886 GC heap after
Heap after GC invocations=7 (full 1):
 PSYoungGen      total 69632K, used 0K [0x00000000ebd00000, 0x00000000f0900000, 0x0000000100000000)
  eden space 62976K, 0% used [0x00000000ebd00000,0x00000000ebd00000,0x00000000efa80000)
  from space 6656K, 0% used [0x00000000f0180000,0x00000000f0180000,0x00000000f0800000)
  to   space 7168K, 0% used [0x00000000efa80000,0x00000000efa80000,0x00000000f0180000)
 ParOldGen       total 34304K, used 7962K [0x00000000c3600000, 0x00000000c5780000, 0x00000000ebd00000)
  object space 34304K, 23% used [0x00000000c3600000,0x00000000c3dc6878,0x00000000c5780000)
 Metaspace       used 20377K, capacity 21216K, committed 21248K, reserved 1067008K
  class space    used 2577K, capacity 2786K, committed 2816K, reserved 1048576K
}
Event: 11.307 GC heap before
{Heap before GC invocations=8 (full 1):
 PSYoungGen      total 69632K, used 62976K [0x00000000ebd00000, 0x00000000f0900000, 0x0000000100000000)
  eden space 62976K, 100% used [0x00000000ebd00000,0x00000000efa80000,0x00000000efa80000)
  from space 6656K, 0% used [0x00000000f0180000,0x00000000f0180000,0x00000000f0800000)
  to   space 7168K, 0% used [0x00000000efa80000,0x00000000efa80000,0x00000000f0180000)
 ParOldGen       total 34304K, used 7962K [0x00000000c3600000, 0x00000000c5780000, 0x00000000ebd00000)
  object space 34304K, 23% used [0x00000000c3600000,0x00000000c3dc6878,0x00000000c5780000)
 Metaspace       used 23105K, capacity 24186K, committed 24576K, reserved 1071104K
  class space    used 2988K, capacity 3229K, committed 3328K, reserved 1048576K
Event: 11.327 GC heap after
Heap after GC invocations=8 (full 1):
 PSYoungGen      total 70144K, used 5835K [0x00000000ebd00000, 0x00000000f2c00000, 0x0000000100000000)
  eden space 62976K, 0% used [0x00000000ebd00000,0x00000000ebd00000,0x00000000efa80000)
  from space 7168K, 81% used [0x00000000efa80000,0x00000000f0032e90,0x00000000f0180000)
  to   space 7680K, 0% used [0x00000000f2480000,0x00000000f2480000,0x00000000f2c00000)
 ParOldGen       total 34304K, used 7970K [0x00000000c3600000, 0x00000000c5780000, 0x00000000ebd00000)
  object space 34304K, 23% used [0x00000000c3600000,0x00000000c3dc8878,0x00000000c5780000)
 Metaspace       used 23105K, capacity 24186K, committed 24576K, reserved 1071104K
  class space    used 2988K, capacity 3229K, committed 3328K, reserved 1048576K
}
Event: 17.204 GC heap before
{Heap before GC invocations=9 (full 1):
 PSYoungGen      total 70144K, used 68811K [0x00000000ebd00000, 0x00000000f2c00000, 0x0000000100000000)
  eden space 62976K, 100% used [0x00000000ebd00000,0x00000000efa80000,0x00000000efa80000)
  from space 7168K, 81% used [0x00000000efa80000,0x00000000f0032e90,0x00000000f0180000)
  to   space 7680K, 0% used [0x00000000f2480000,0x00000000f2480000,0x00000000f2c00000)
 ParOldGen       total 34304K, used 7970K [0x00000000c3600000, 0x00000000c5780000, 0x00000000ebd00000)
  object space 34304K, 23% used [0x00000000c3600000,0x00000000c3dc8878,0x00000000c5780000)
 Metaspace       used 27527K, capacity 29314K, committed 29568K, reserved 1075200K
  class space    used 3607K, capacity 3963K, committed 3968K, reserved 1048576K
Event: 17.251 GC heap after
Heap after GC invocations=9 (full 1):
 PSYoungGen      total 102912K, used 7667K [0x00000000ebd00000, 0x00000000f2c00000, 0x0000000100000000)
  eden space 95232K, 0% used [0x00000000ebd00000,0x00000000ebd00000,0x00000000f1a00000)
  from space 7680K, 99% used [0x00000000f2480000,0x00000000f2bfce68,0x00000000f2c00000)
  to   space 9216K, 0% used [0x00000000f1a00000,0x00000000f1a00000,0x00000000f2300000)
 ParOldGen       total 34304K, used 8826K [0x00000000c3600000, 0x00000000c5780000, 0x00000000ebd00000)
  object space 34304K, 25% used [0x00000000c3600000,0x00000000c3e9e960,0x00000000c5780000)
 Metaspace       used 27527K, capacity 29314K, committed 29568K, reserved 1075200K
  class space    used 3607K, capacity 3963K, committed 3968K, reserved 1048576K
}
Event: 42.336 GC heap before
{Heap before GC invocations=10 (full 1):
 PSYoungGen      total 102912K, used 102899K [0x00000000ebd00000, 0x00000000f2c00000, 0x0000000100000000)
  eden space 95232K, 100% used [0x00000000ebd00000,0x00000000f1a00000,0x00000000f1a00000)
  from space 7680K, 99% used [0x00000000f2480000,0x00000000f2bfce68,0x00000000f2c00000)
  to   space 9216K, 0% used [0x00000000f1a00000,0x00000000f1a00000,0x00000000f2300000)
 ParOldGen       total 34304K, used 8826K [0x00000000c3600000, 0x00000000c5780000, 0x00000000ebd00000)
  object space 34304K, 25% used [0x00000000c3600000,0x00000000c3e9e960,0x00000000c5780000)
 Metaspace       used 32632K, capacity 34914K, committed 35072K, reserved 1079296K
  class space    used 4293K, capacity 4740K, committed 4864K, reserved 1048576K
Event: 42.458 GC heap after
Heap after GC invocations=10 (full 1):
 PSYoungGen      total 104448K, used 9191K [0x00000000ebd00000, 0x00000000f4980000, 0x0000000100000000)
  eden space 95232K, 0% used [0x00000000ebd00000,0x00000000ebd00000,0x00000000f1a00000)
  from space 9216K, 99% used [0x00000000f1a00000,0x00000000f22f9cf8,0x00000000f2300000)
  to   space 11264K, 0% used [0x00000000f3e80000,0x00000000f3e80000,0x00000000f4980000)
 ParOldGen       total 34304K, used 10856K [0x00000000c3600000, 0x00000000c5780000, 0x00000000ebd00000)
  object space 34304K, 31% used [0x00000000c3600000,0x00000000c409a138,0x00000000c5780000)
 Metaspace       used 32632K, capacity 34914K, committed 35072K, reserved 1079296K
  class space    used 4293K, capacity 4740K, committed 4864K, reserved 1048576K
}

