# JRE version: OpenJDK Runtime Environment (8.0_422-b05) (build 1.8.0_422-8u422-b05-1~20.04-b05)
# Java VM: OpenJDK 64-Bit Server VM (25.422-b05 mixed mode linux-amd64 compressed oops)
Heap:
 PSYoungGen      total 132608K, used 63407K [0x00000000ebd00000, 0x00000000f6e00000, 0x0000000100000000)
  eden space 124928K, 44% used [0x00000000ebd00000,0x00000000ef3714a0,0x00000000f3700000)
  from space 7680K, 99% used [0x00000000f3700000,0x00000000f3e7a788,0x00000000f3e80000)
  to   space 10752K, 0% used [0x00000000f6380000,0x00000000f6380000,0x00000000f6e00000)
 ParOldGen       total 35840K, used 13662K [0x00000000c3600000, 0x00000000c5900000, 0x00000000ebd00000)
  object space 35840K, 38% used [0x00000000c3600000,0x00000000c4357b48,0x00000000c5900000)
 Metaspace       used 32246K, capacity 34539K, committed 34736K, reserved 1079296K
  class space    used 4299K, capacity 4723K, committed 4784K, reserved 1048576K
GC Heap History (10 events):
Event: 5.449 GC heap before
{Heap before GC invocations=4 (full 0):
 PSYoungGen      total 34304K, used 34274K [0x00000000ebd00000, 0x00000000f0000000, 0x0000000100000000)
  eden space 31744K, 100% used [0x00000000ebd00000,0x00000000edc00000,0x00000000edc00000)
  from space 2560K, 98% used [0x00000000edc00000,0x00000000ede788a8,0x00000000ede80000)
  to   space 2560K, 0% used [0x00000000efd80000,0x00000000efd80000,0x00000000f0000000)
 ParOldGen       total 42496K, used 4668K [0x00000000c3600000, 0x00000000c5f80000, 0x00000000ebd00000)
  object space 42496K, 10% used [0x00000000c3600000,0x00000000c3a8f190,0x00000000c5f80000)
 Metaspace       used 18152K, capacity 18994K, committed 19200K, reserved 1067008K
  class space    used 2325K, capacity 2524K, committed 2560K, reserved 1048576K
Event: 5.485 GC heap after
Heap after GC invocations=4 (full 0):
 PSYoungGen      total 66048K, used 2551K [0x00000000ebd00000, 0x00000000f0000000, 0x0000000100000000)
  eden space 63488K, 0% used [0x00000000ebd00000,0x00000000ebd00000,0x00000000efb00000)
  from space 2560K, 99% used [0x00000000efd80000,0x00000000efffdd00,0x00000000f0000000)
  to   space 2560K, 0% used [0x00000000efb00000,0x00000000efb00000,0x00000000efd80000)
 ParOldGen       total 42496K, used 7968K [0x00000000c3600000, 0x00000000c5f80000, 0x00000000ebd00000)
  object space 42496K, 18% used [0x00000000c3600000,0x00000000c3dc8390,0x00000000c5f80000)
 Metaspace       used 18152K, capacity 18994K, committed 19200K, reserved 1067008K
  class space    used 2325K, capacity 2524K, committed 2560K, reserved 1048576K
}
Event: 5.980 GC heap before
{Heap before GC invocations=5 (full 0):
 PSYoungGen      total 66048K, used 29954K [0x00000000ebd00000, 0x00000000f0000000, 0x0000000100000000)
  eden space 63488K, 43% used [0x00000000ebd00000,0x00000000ed7c2e70,0x00000000efb00000)
  from space 2560K, 99% used [0x00000000efd80000,0x00000000efffdd00,0x00000000f0000000)
  to   space 2560K, 0% used [0x00000000efb00000,0x00000000efb00000,0x00000000efd80000)
 ParOldGen       total 42496K, used 7968K [0x00000000c3600000, 0x00000000c5f80000, 0x00000000ebd00000)
  object space 42496K, 18% used [0x00000000c3600000,0x00000000c3dc8390,0x00000000c5f80000)
 Metaspace       used 20339K, capacity 21283K, committed 21296K, reserved 1067008K
  class space    used 2636K, capacity 2851K, committed 2864K, reserved 1048576K
Event: 6.006 GC heap after
Heap after GC invocations=5 (full 0):
 PSYoungGen      total 66048K, used 2551K [0x00000000ebd00000, 0x00000000f4700000, 0x0000000100000000)
  eden space 63488K, 0% used [0x00000000ebd00000,0x00000000ebd00000,0x00000000efb00000)
  from space 2560K, 99% used [0x00000000efb00000,0x00000000efd7ded0,0x00000000efd80000)
  to   space 7168K, 0% used [0x00000000f4000000,0x00000000f4000000,0x00000000f4700000)
 ParOldGen       total 42496K, used 10475K [0x00000000c3600000, 0x00000000c5f80000, 0x00000000ebd00000)
  object space 42496K, 24% used [0x00000000c3600000,0x00000000c403ae30,0x00000000c5f80000)
 Metaspace       used 20339K, capacity 21283K, committed 21296K, reserved 1067008K
  class space    used 2636K, capacity 2851K, committed 2864K, reserved 1048576K
}
Event: 6.006 GC heap before
{Heap before GC invocations=6 (full 1):
 PSYoungGen      total 66048K, used 2551K [0x00000000ebd00000, 0x00000000f4700000, 0x0000000100000000)
  eden space 63488K, 0% used [0x00000000ebd00000,0x00000000ebd00000,0x00000000efb00000)
  from space 2560K, 99% used [0x00000000efb00000,0x00000000efd7ded0,0x00000000efd80000)
  to   space 7168K, 0% used [0x00000000f4000000,0x00000000f4000000,0x00000000f4700000)
 ParOldGen       total 42496K, used 10475K [0x00000000c3600000, 0x00000000c5f80000, 0x00000000ebd00000)
  object space 42496K, 24% used [0x00000000c3600000,0x00000000c403ae30,0x00000000c5f80000)
 Metaspace       used 20339K, capacity 21283K, committed 21296K, reserved 1067008K
  class space    used 2636K, capacity 2851K, committed 2864K, reserved 1048576K
Event: 6.112 GC heap after
Heap after GC invocations=6 (full 1):
 PSYoungGen      total 66048K, used 0K [0x00000000ebd00000, 0x00000000f4700000, 0x0000000100000000)
  eden space 63488K, 0% used [0x00000000ebd00000,0x00000000ebd00000,0x00000000efb00000)
  from space 2560K, 0% used [0x00000000efb00000,0x00000000efb00000,0x00000000efd80000)
  to   space 7168K, 0% used [0x00000000f4000000,0x00000000f4000000,0x00000000f4700000)
 ParOldGen       total 35840K, used 9191K [0x00000000c3600000, 0x00000000c5900000, 0x00000000ebd00000)
  object space 35840K, 25% used [0x00000000c3600000,0x00000000c3ef9e28,0x00000000c5900000)
 Metaspace       used 20339K, capacity 21283K, committed 21296K, reserved 1067008K
  class space    used 2636K, capacity 2851K, committed 2864K, reserved 1048576K
}
Event: 8.044 GC heap before
{Heap before GC invocations=7 (full 1):
 PSYoungGen      total 66048K, used 63488K [0x00000000ebd00000, 0x00000000f4700000, 0x0000000100000000)
  eden space 63488K, 100% used [0x00000000ebd00000,0x00000000efb00000,0x00000000efb00000)
  from space 2560K, 0% used [0x00000000efb00000,0x00000000efb00000,0x00000000efd80000)
  to   space 7168K, 0% used [0x00000000f4000000,0x00000000f4000000,0x00000000f4700000)
 ParOldGen       total 35840K, used 9191K [0x00000000c3600000, 0x00000000c5900000, 0x00000000ebd00000)
  object space 35840K, 25% used [0x00000000c3600000,0x00000000c3ef9e28,0x00000000c5900000)
 Metaspace       used 23203K, capacity 24429K, committed 24624K, reserved 1071104K
  class space    used 3065K, capacity 3318K, committed 3376K, reserved 1048576K
Event: 8.061 GC heap after
Heap after GC invocations=7 (full 1):
 PSYoungGen      total 107520K, used 5875K [0x00000000ebd00000, 0x00000000f4600000, 0x0000000100000000)
  eden space 101376K, 0% used [0x00000000ebd00000,0x00000000ebd00000,0x00000000f2000000)
  from space 6144K, 95% used [0x00000000f4000000,0x00000000f45bceb8,0x00000000f4600000)
  to   space 7680K, 0% used [0x00000000f3700000,0x00000000f3700000,0x00000000f3e80000)
 ParOldGen       total 35840K, used 9199K [0x00000000c3600000, 0x00000000c5900000, 0x00000000ebd00000)
  object space 35840K, 25% used [0x00000000c3600000,0x00000000c3efbe28,0x00000000c5900000)
 Metaspace       used 23203K, capacity 24429K, committed 24624K, reserved 1071104K
  class space    used 3065K, capacity 3318K, committed 3376K, reserved 1048576K
}
Event: 11.339 GC heap before
{Heap before GC invocations=8 (full 1):
 PSYoungGen      total 107520K, used 107251K [0x00000000ebd00000, 0x00000000f4600000, 0x0000000100000000)
  eden space 101376K, 100% used [0x00000000ebd00000,0x00000000f2000000,0x00000000f2000000)
  from space 6144K, 95% used [0x00000000f4000000,0x00000000f45bceb8,0x00000000f4600000)
  to   space 7680K, 0% used [0x00000000f3700000,0x00000000f3700000,0x00000000f3e80000)
 ParOldGen       total 35840K, used 9199K [0x00000000c3600000, 0x00000000c5900000, 0x00000000ebd00000)
  object space 35840K, 25% used [0x00000000c3600000,0x00000000c3efbe28,0x00000000c5900000)
 Metaspace       used 30570K, capacity 32847K, committed 33072K, reserved 1077248K
  class space    used 4101K, capacity 4535K, committed 4656K, reserved 1048576K
Event: 11.401 GC heap after
Heap after GC invocations=8 (full 1):
 PSYoungGen      total 132608K, used 7657K [0x00000000ebd00000, 0x00000000f6e00000, 0x0000000100000000)
  eden space 124928K, 0% used [0x00000000ebd00000,0x00000000ebd00000,0x00000000f3700000)
  from space 7680K, 99% used [0x00000000f3700000,0x00000000f3e7a788,0x00000000f3e80000)
  to   space 10752K, 0% used [0x00000000f6380000,0x00000000f6380000,0x00000000f6e00000)
 ParOldGen       total 35840K, used 13662K [0x00000000c3600000, 0x00000000c5900000, 0x00000000ebd00000)
  object space 35840K, 38% used [0x00000000c3600000,0x00000000c4357b48,0x00000000c5900000)
 Metaspace       used 30570K, capacity 32847K, committed 33072K, reserved 1077248K
  class space    used 4101K, capacity 4535K, committed 4656K, reserved 1048576K
}

