# JRE version: OpenJDK Runtime Environment (8.0_422-b05) (build 1.8.0_422-8u422-b05-1~20.04-b05)
# Java VM: OpenJDK 64-Bit Server VM (25.422-b05 mixed mode linux-amd64 compressed oops)
Heap:
 PSYoungGen      total 132608K, used 58816K [0x00000000ebd00000, 0x00000000f7000000, 0x0000000100000000)
  eden space 124928K, 40% used [0x00000000ebd00000,0x00000000eeef4b88,0x00000000f3700000)
  from space 7680K, 99% used [0x00000000f3700000,0x00000000f3e7b5b8,0x00000000f3e80000)
  to   space 11264K, 0% used [0x00000000f6500000,0x00000000f6500000,0x00000000f7000000)
 ParOldGen       total 35840K, used 13764K [0x00000000c3600000, 0x00000000c5900000, 0x00000000ebd00000)
  object space 35840K, 38% used [0x00000000c3600000,0x00000000c4371068,0x00000000c5900000)
 Metaspace       used 32073K, capacity 34421K, committed 34736K, reserved 1079296K
  class space    used 4279K, capacity 4724K, committed 4784K, reserved 1048576K
GC Heap History (10 events):
Event: 5.733 GC heap before
{Heap before GC invocations=4 (full 0):
 PSYoungGen      total 34304K, used 34293K [0x00000000ebd00000, 0x00000000f0000000, 0x0000000100000000)
  eden space 31744K, 100% used [0x00000000ebd00000,0x00000000edc00000,0x00000000edc00000)
  from space 2560K, 99% used [0x00000000edc00000,0x00000000ede7d648,0x00000000ede80000)
  to   space 2560K, 0% used [0x00000000efd80000,0x00000000efd80000,0x00000000f0000000)
 ParOldGen       total 42496K, used 4770K [0x00000000c3600000, 0x00000000c5f80000, 0x00000000ebd00000)
  object space 42496K, 11% used [0x00000000c3600000,0x00000000c3aa8bf0,0x00000000c5f80000)
 Metaspace       used 18222K, capacity 19096K, committed 19200K, reserved 1067008K
  class space    used 2335K, capacity 2557K, committed 2560K, reserved 1048576K
Event: 5.772 GC heap after
Heap after GC invocations=4 (full 0):
 PSYoungGen      total 66048K, used 2550K [0x00000000ebd00000, 0x00000000f0000000, 0x0000000100000000)
  eden space 63488K, 0% used [0x00000000ebd00000,0x00000000ebd00000,0x00000000efb00000)
  from space 2560K, 99% used [0x00000000efd80000,0x00000000efffd800,0x00000000f0000000)
  to   space 2560K, 0% used [0x00000000efb00000,0x00000000efb00000,0x00000000efd80000)
 ParOldGen       total 42496K, used 8085K [0x00000000c3600000, 0x00000000c5f80000, 0x00000000ebd00000)
  object space 42496K, 19% used [0x00000000c3600000,0x00000000c3de57c0,0x00000000c5f80000)
 Metaspace       used 18222K, capacity 19096K, committed 19200K, reserved 1067008K
  class space    used 2335K, capacity 2557K, committed 2560K, reserved 1048576K
}
Event: 6.459 GC heap before
{Heap before GC invocations=5 (full 0):
 PSYoungGen      total 66048K, used 29516K [0x00000000ebd00000, 0x00000000f0000000, 0x0000000100000000)
  eden space 63488K, 42% used [0x00000000ebd00000,0x00000000ed7558d8,0x00000000efb00000)
  from space 2560K, 99% used [0x00000000efd80000,0x00000000efffd800,0x00000000f0000000)
  to   space 2560K, 0% used [0x00000000efb00000,0x00000000efb00000,0x00000000efd80000)
 ParOldGen       total 42496K, used 8085K [0x00000000c3600000, 0x00000000c5f80000, 0x00000000ebd00000)
  object space 42496K, 19% used [0x00000000c3600000,0x00000000c3de57c0,0x00000000c5f80000)
 Metaspace       used 20343K, capacity 21283K, committed 21296K, reserved 1067008K
  class space    used 2638K, capacity 2851K, committed 2864K, reserved 1048576K
Event: 6.502 GC heap after
Heap after GC invocations=5 (full 0):
 PSYoungGen      total 66048K, used 2549K [0x00000000ebd00000, 0x00000000f4700000, 0x0000000100000000)
  eden space 63488K, 0% used [0x00000000ebd00000,0x00000000ebd00000,0x00000000efb00000)
  from space 2560K, 99% used [0x00000000efb00000,0x00000000efd7d648,0x00000000efd80000)
  to   space 7168K, 0% used [0x00000000f4000000,0x00000000f4000000,0x00000000f4700000)
 ParOldGen       total 42496K, used 10589K [0x00000000c3600000, 0x00000000c5f80000, 0x00000000ebd00000)
  object space 42496K, 24% used [0x00000000c3600000,0x00000000c4057700,0x00000000c5f80000)
 Metaspace       used 20343K, capacity 21283K, committed 21296K, reserved 1067008K
  class space    used 2638K, capacity 2851K, committed 2864K, reserved 1048576K
}
Event: 6.503 GC heap before
{Heap before GC invocations=6 (full 1):
 PSYoungGen      total 66048K, used 2549K [0x00000000ebd00000, 0x00000000f4700000, 0x0000000100000000)
  eden space 63488K, 0% used [0x00000000ebd00000,0x00000000ebd00000,0x00000000efb00000)
  from space 2560K, 99% used [0x00000000efb00000,0x00000000efd7d648,0x00000000efd80000)
  to   space 7168K, 0% used [0x00000000f4000000,0x00000000f4000000,0x00000000f4700000)
 ParOldGen       total 42496K, used 10589K [0x00000000c3600000, 0x00000000c5f80000, 0x00000000ebd00000)
  object space 42496K, 24% used [0x00000000c3600000,0x00000000c4057700,0x00000000c5f80000)
 Metaspace       used 20343K, capacity 21283K, committed 21296K, reserved 1067008K
  class space    used 2638K, capacity 2851K, committed 2864K, reserved 1048576K
Event: 6.614 GC heap after
Heap after GC invocations=6 (full 1):
 PSYoungGen      total 66048K, used 0K [0x00000000ebd00000, 0x00000000f4700000, 0x0000000100000000)
  eden space 63488K, 0% used [0x00000000ebd00000,0x00000000ebd00000,0x00000000efb00000)
  from space 2560K, 0% used [0x00000000efb00000,0x00000000efb00000,0x00000000efd80000)
  to   space 7168K, 0% used [0x00000000f4000000,0x00000000f4000000,0x00000000f4700000)
 ParOldGen       total 35840K, used 9082K [0x00000000c3600000, 0x00000000c5900000, 0x00000000ebd00000)
  object space 35840K, 25% used [0x00000000c3600000,0x00000000c3edea38,0x00000000c5900000)
 Metaspace       used 20343K, capacity 21283K, committed 21296K, reserved 1067008K
  class space    used 2638K, capacity 2851K, committed 2864K, reserved 1048576K
}
Event: 8.494 GC heap before
{Heap before GC invocations=7 (full 1):
 PSYoungGen      total 66048K, used 63488K [0x00000000ebd00000, 0x00000000f4700000, 0x0000000100000000)
  eden space 63488K, 100% used [0x00000000ebd00000,0x00000000efb00000,0x00000000efb00000)
  from space 2560K, 0% used [0x00000000efb00000,0x00000000efb00000,0x00000000efd80000)
  to   space 7168K, 0% used [0x00000000f4000000,0x00000000f4000000,0x00000000f4700000)
 ParOldGen       total 35840K, used 9082K [0x00000000c3600000, 0x00000000c5900000, 0x00000000ebd00000)
  object space 35840K, 25% used [0x00000000c3600000,0x00000000c3edea38,0x00000000c5900000)
 Metaspace       used 23242K, capacity 24429K, committed 24624K, reserved 1071104K
  class space    used 3068K, capacity 3318K, committed 3376K, reserved 1048576K
Event: 8.512 GC heap after
Heap after GC invocations=7 (full 1):
 PSYoungGen      total 107520K, used 5907K [0x00000000ebd00000, 0x00000000f4600000, 0x0000000100000000)
  eden space 101376K, 0% used [0x00000000ebd00000,0x00000000ebd00000,0x00000000f2000000)
  from space 6144K, 96% used [0x00000000f4000000,0x00000000f45c4eb8,0x00000000f4600000)
  to   space 7680K, 0% used [0x00000000f3700000,0x00000000f3700000,0x00000000f3e80000)
 ParOldGen       total 35840K, used 9090K [0x00000000c3600000, 0x00000000c5900000, 0x00000000ebd00000)
  object space 35840K, 25% used [0x00000000c3600000,0x00000000c3ee0a38,0x00000000c5900000)
 Metaspace       used 23242K, capacity 24429K, committed 24624K, reserved 1071104K
  class space    used 3068K, capacity 3318K, committed 3376K, reserved 1048576K
}
Event: 11.697 GC heap before
{Heap before GC invocations=8 (full 1):
 PSYoungGen      total 107520K, used 107283K [0x00000000ebd00000, 0x00000000f4600000, 0x0000000100000000)
  eden space 101376K, 100% used [0x00000000ebd00000,0x00000000f2000000,0x00000000f2000000)
  from space 6144K, 96% used [0x00000000f4000000,0x00000000f45c4eb8,0x00000000f4600000)
  to   space 7680K, 0% used [0x00000000f3700000,0x00000000f3700000,0x00000000f3e80000)
 ParOldGen       total 35840K, used 9090K [0x00000000c3600000, 0x00000000c5900000, 0x00000000ebd00000)
  object space 35840K, 25% used [0x00000000c3600000,0x00000000c3ee0a38,0x00000000c5900000)
 Metaspace       used 30547K, capacity 32759K, committed 33072K, reserved 1077248K
  class space    used 4092K, capacity 4531K, committed 4656K, reserved 1048576K
Event: 11.769 GC heap after
Heap after GC invocations=8 (full 1):
 PSYoungGen      total 132608K, used 7661K [0x00000000ebd00000, 0x00000000f7000000, 0x0000000100000000)
  eden space 124928K, 0% used [0x00000000ebd00000,0x00000000ebd00000,0x00000000f3700000)
  from space 7680K, 99% used [0x00000000f3700000,0x00000000f3e7b5b8,0x00000000f3e80000)
  to   space 11264K, 0% used [0x00000000f6500000,0x00000000f6500000,0x00000000f7000000)
 ParOldGen       total 35840K, used 13764K [0x00000000c3600000, 0x00000000c5900000, 0x00000000ebd00000)
  object space 35840K, 38% used [0x00000000c3600000,0x00000000c4371068,0x00000000c5900000)
 Metaspace       used 30547K, capacity 32759K, committed 33072K, reserved 1077248K
  class space    used 4092K, capacity 4531K, committed 4656K, reserved 1048576K
}

