# JRE version: OpenJDK Runtime Environment (8.0_442-b06) (build 1.8.0_442-8u442-b06~us1-0ubuntu1~20.04-b06)
# Java VM: OpenJDK 64-Bit Server VM (25.442-b06 mixed mode linux-amd64 compressed oops)
Heap:
 PSYoungGen      total 55296K, used 40449K [0x00000000deb80000, 0x00000000e2580000, 0x0000000100000000)
  eden space 51200K, 71% used [0x00000000deb80000,0x00000000e0f07f88,0x00000000e1d80000)
  from space 4096K, 99% used [0x00000000e2180000,0x00000000e2578698,0x00000000e2580000)
  to   space 4096K, 0% used [0x00000000e1d80000,0x00000000e1d80000,0x00000000e2180000)
 ParOldGen       total 68608K, used 4642K [0x000000009c200000, 0x00000000a0500000, 0x00000000deb80000)
  object space 68608K, 6% used [0x000000009c200000,0x000000009c6889e0,0x00000000a0500000)
 Metaspace       used 14612K, capacity 14898K, committed 15104K, reserved 1062912K
  class space    used 1672K, capacity 1777K, committed 1792K, reserved 1048576K
GC Heap History (8 events):
Event: 2.742 GC heap before
{Heap before GC invocations=1 (full 0):
 PSYoungGen      total 29696K, used 25600K [0x00000000deb80000, 0x00000000e0c80000, 0x0000000100000000)
  eden space 25600K, 100% used [0x00000000deb80000,0x00000000e0480000,0x00000000e0480000)
  from space 4096K, 0% used [0x00000000e0880000,0x00000000e0880000,0x00000000e0c80000)
  to   space 4096K, 0% used [0x00000000e0480000,0x00000000e0480000,0x00000000e0880000)
 ParOldGen       total 68608K, used 0K [0x000000009c200000, 0x00000000a0500000, 0x00000000deb80000)
  object space 68608K, 0% used [0x000000009c200000,0x000000009c200000,0x00000000a0500000)
 Metaspace       used 8160K, capacity 8342K, committed 8448K, reserved 1056768K
  class space    used 907K, capacity 1013K, committed 1024K, reserved 1048576K
Event: 2.761 GC heap after
Heap after GC invocations=1 (full 0):
 PSYoungGen      total 29696K, used 4089K [0x00000000deb80000, 0x00000000e0c80000, 0x0000000100000000)
  eden space 25600K, 0% used [0x00000000deb80000,0x00000000deb80000,0x00000000e0480000)
  from space 4096K, 99% used [0x00000000e0480000,0x00000000e087e668,0x00000000e0880000)
  to   space 4096K, 0% used [0x00000000e0880000,0x00000000e0880000,0x00000000e0c80000)
 ParOldGen       total 68608K, used 744K [0x000000009c200000, 0x00000000a0500000, 0x00000000deb80000)
  object space 68608K, 1% used [0x000000009c200000,0x000000009c2ba348,0x00000000a0500000)
 Metaspace       used 8160K, capacity 8342K, committed 8448K, reserved 1056768K
  class space    used 907K, capacity 1013K, committed 1024K, reserved 1048576K
}
Event: 3.328 GC heap before
{Heap before GC invocations=2 (full 0):
 PSYoungGen      total 29696K, used 29689K [0x00000000deb80000, 0x00000000e0c80000, 0x0000000100000000)
  eden space 25600K, 100% used [0x00000000deb80000,0x00000000e0480000,0x00000000e0480000)
  from space 4096K, 99% used [0x00000000e0480000,0x00000000e087e668,0x00000000e0880000)
  to   space 4096K, 0% used [0x00000000e0880000,0x00000000e0880000,0x00000000e0c80000)
 ParOldGen       total 68608K, used 744K [0x000000009c200000, 0x00000000a0500000, 0x00000000deb80000)
  object space 68608K, 1% used [0x000000009c200000,0x000000009c2ba348,0x00000000a0500000)
 Metaspace       used 10273K, capacity 10510K, committed 10752K, reserved 1058816K
  class space    used 1131K, capacity 1221K, committed 1280K, reserved 1048576K
Event: 3.346 GC heap after
Heap after GC invocations=2 (full 0):
 PSYoungGen      total 29696K, used 4081K [0x00000000deb80000, 0x00000000e2580000, 0x0000000100000000)
  eden space 25600K, 0% used [0x00000000deb80000,0x00000000deb80000,0x00000000e0480000)
  from space 4096K, 99% used [0x00000000e0880000,0x00000000e0c7c6a8,0x00000000e0c80000)
  to   space 4096K, 0% used [0x00000000e0480000,0x00000000e0480000,0x00000000e0880000)
 ParOldGen       total 68608K, used 2211K [0x000000009c200000, 0x00000000a0500000, 0x00000000deb80000)
  object space 68608K, 3% used [0x000000009c200000,0x000000009c428c98,0x00000000a0500000)
 Metaspace       used 10273K, capacity 10510K, committed 10752K, reserved 1058816K
  class space    used 1131K, capacity 1221K, committed 1280K, reserved 1048576K
}
Event: 3.959 GC heap before
{Heap before GC invocations=3 (full 0):
 PSYoungGen      total 29696K, used 29681K [0x00000000deb80000, 0x00000000e2580000, 0x0000000100000000)
  eden space 25600K, 100% used [0x00000000deb80000,0x00000000e0480000,0x00000000e0480000)
  from space 4096K, 99% used [0x00000000e0880000,0x00000000e0c7c6a8,0x00000000e0c80000)
  to   space 4096K, 0% used [0x00000000e0480000,0x00000000e0480000,0x00000000e0880000)
 ParOldGen       total 68608K, used 2211K [0x000000009c200000, 0x00000000a0500000, 0x00000000deb80000)
  object space 68608K, 3% used [0x000000009c200000,0x000000009c428c98,0x00000000a0500000)
 Metaspace       used 11202K, capacity 11438K, committed 11648K, reserved 1058816K
  class space    used 1266K, capacity 1381K, committed 1408K, reserved 1048576K
Event: 3.971 GC heap after
Heap after GC invocations=3 (full 0):
 PSYoungGen      total 29696K, used 4073K [0x00000000deb80000, 0x00000000e2580000, 0x0000000100000000)
  eden space 25600K, 0% used [0x00000000deb80000,0x00000000deb80000,0x00000000e0480000)
  from space 4096K, 99% used [0x00000000e0480000,0x00000000e087a688,0x00000000e0880000)
  to   space 4096K, 0% used [0x00000000e2180000,0x00000000e2180000,0x00000000e2580000)
 ParOldGen       total 68608K, used 3165K [0x000000009c200000, 0x00000000a0500000, 0x00000000deb80000)
  object space 68608K, 4% used [0x000000009c200000,0x000000009c5175d0,0x00000000a0500000)
 Metaspace       used 11202K, capacity 11438K, committed 11648K, reserved 1058816K
  class space    used 1266K, capacity 1381K, committed 1408K, reserved 1048576K
}
Event: 4.588 GC heap before
{Heap before GC invocations=4 (full 0):
 PSYoungGen      total 29696K, used 29673K [0x00000000deb80000, 0x00000000e2580000, 0x0000000100000000)
  eden space 25600K, 100% used [0x00000000deb80000,0x00000000e0480000,0x00000000e0480000)
  from space 4096K, 99% used [0x00000000e0480000,0x00000000e087a688,0x00000000e0880000)
  to   space 4096K, 0% used [0x00000000e2180000,0x00000000e2180000,0x00000000e2580000)
 ParOldGen       total 68608K, used 3165K [0x000000009c200000, 0x00000000a0500000, 0x00000000deb80000)
  object space 68608K, 4% used [0x000000009c200000,0x000000009c5175d0,0x00000000a0500000)
 Metaspace       used 12475K, capacity 12724K, committed 12800K, reserved 1060864K
  class space    used 1399K, capacity 1510K, committed 1536K, reserved 1048576K
Event: 4.602 GC heap after
Heap after GC invocations=4 (full 0):
 PSYoungGen      total 55296K, used 4065K [0x00000000deb80000, 0x00000000e2580000, 0x0000000100000000)
  eden space 51200K, 0% used [0x00000000deb80000,0x00000000deb80000,0x00000000e1d80000)
  from space 4096K, 99% used [0x00000000e2180000,0x00000000e2578698,0x00000000e2580000)
  to   space 4096K, 0% used [0x00000000e1d80000,0x00000000e1d80000,0x00000000e2180000)
 ParOldGen       total 68608K, used 4642K [0x000000009c200000, 0x00000000a0500000, 0x00000000deb80000)
  object space 68608K, 6% used [0x000000009c200000,0x000000009c6889e0,0x00000000a0500000)
 Metaspace       used 12475K, capacity 12724K, committed 12800K, reserved 1060864K
  class space    used 1399K, capacity 1510K, committed 1536K, reserved 1048576K
}

