# JRE version: OpenJDK Runtime Environment (8.0_422-b05) (build 1.8.0_422-8u422-b05-1~20.04-b05)
# Java VM: OpenJDK 64-Bit Server VM (25.422-b05 mixed mode linux-amd64 compressed oops)
Heap:
 PSYoungGen      total 132608K, used 81865K [0x00000000ebd00000, 0x00000000f7200000, 0x0000000100000000)
  eden space 124928K, 59% used [0x00000000ebd00000,0x00000000f0574938,0x00000000f3700000)
  from space 7680K, 99% used [0x00000000f3700000,0x00000000f3e7dbb0,0x00000000f3e80000)
  to   space 10752K, 0% used [0x00000000f6780000,0x00000000f6780000,0x00000000f7200000)
 ParOldGen       total 33280K, used 11401K [0x00000000c3600000, 0x00000000c5680000, 0x00000000ebd00000)
  object space 33280K, 34% used [0x00000000c3600000,0x00000000c4122540,0x00000000c5680000)
 Metaspace       used 32260K, capacity 34554K, committed 34736K, reserved 1079296K
  class space    used 4301K, capacity 4726K, committed 4784K, reserved 1048576K
GC Heap History (10 events):
Event: 6.173 GC heap before
{Heap before GC invocations=4 (full 0):
 PSYoungGen      total 34304K, used 34277K [0x00000000ebd00000, 0x00000000f0000000, 0x0000000100000000)
  eden space 31744K, 100% used [0x00000000ebd00000,0x00000000edc00000,0x00000000edc00000)
  from space 2560K, 98% used [0x00000000edc00000,0x00000000ede79638,0x00000000ede80000)
  to   space 2560K, 0% used [0x00000000efd80000,0x00000000efd80000,0x00000000f0000000)
 ParOldGen       total 42496K, used 4668K [0x00000000c3600000, 0x00000000c5f80000, 0x00000000ebd00000)
  object space 42496K, 10% used [0x00000000c3600000,0x00000000c3a8f1c0,0x00000000c5f80000)
 Metaspace       used 18167K, capacity 18994K, committed 19200K, reserved 1067008K
  class space    used 2331K, capacity 2524K, committed 2560K, reserved 1048576K
Event: 6.203 GC heap after
Heap after GC invocations=4 (full 0):
 PSYoungGen      total 66048K, used 2528K [0x00000000ebd00000, 0x00000000f0000000, 0x0000000100000000)
  eden space 63488K, 0% used [0x00000000ebd00000,0x00000000ebd00000,0x00000000efb00000)
  from space 2560K, 98% used [0x00000000efd80000,0x00000000efff8020,0x00000000f0000000)
  to   space 2560K, 0% used [0x00000000efb00000,0x00000000efb00000,0x00000000efd80000)
 ParOldGen       total 42496K, used 7985K [0x00000000c3600000, 0x00000000c5f80000, 0x00000000ebd00000)
  object space 42496K, 18% used [0x00000000c3600000,0x00000000c3dcc790,0x00000000c5f80000)
 Metaspace       used 18167K, capacity 18994K, committed 19200K, reserved 1067008K
  class space    used 2331K, capacity 2524K, committed 2560K, reserved 1048576K
}
Event: 6.901 GC heap before
{Heap before GC invocations=5 (full 0):
 PSYoungGen      total 66048K, used 30559K [0x00000000ebd00000, 0x00000000f0000000, 0x0000000100000000)
  eden space 63488K, 44% used [0x00000000ebd00000,0x00000000ed85ff80,0x00000000efb00000)
  from space 2560K, 98% used [0x00000000efd80000,0x00000000efff8020,0x00000000f0000000)
  to   space 2560K, 0% used [0x00000000efb00000,0x00000000efb00000,0x00000000efd80000)
 ParOldGen       total 42496K, used 7985K [0x00000000c3600000, 0x00000000c5f80000, 0x00000000ebd00000)
  object space 42496K, 18% used [0x00000000c3600000,0x00000000c3dcc790,0x00000000c5f80000)
 Metaspace       used 20327K, capacity 21280K, committed 21296K, reserved 1067008K
  class space    used 2639K, capacity 2851K, committed 2864K, reserved 1048576K
Event: 6.928 GC heap after
Heap after GC invocations=5 (full 0):
 PSYoungGen      total 66048K, used 2560K [0x00000000ebd00000, 0x00000000f4700000, 0x0000000100000000)
  eden space 63488K, 0% used [0x00000000ebd00000,0x00000000ebd00000,0x00000000efb00000)
  from space 2560K, 100% used [0x00000000efb00000,0x00000000efd80000,0x00000000efd80000)
  to   space 7168K, 0% used [0x00000000f4000000,0x00000000f4000000,0x00000000f4700000)
 ParOldGen       total 42496K, used 10494K [0x00000000c3600000, 0x00000000c5f80000, 0x00000000ebd00000)
  object space 42496K, 24% used [0x00000000c3600000,0x00000000c403fa50,0x00000000c5f80000)
 Metaspace       used 20327K, capacity 21280K, committed 21296K, reserved 1067008K
  class space    used 2639K, capacity 2851K, committed 2864K, reserved 1048576K
}
Event: 6.928 GC heap before
{Heap before GC invocations=6 (full 1):
 PSYoungGen      total 66048K, used 2560K [0x00000000ebd00000, 0x00000000f4700000, 0x0000000100000000)
  eden space 63488K, 0% used [0x00000000ebd00000,0x00000000ebd00000,0x00000000efb00000)
  from space 2560K, 100% used [0x00000000efb00000,0x00000000efd80000,0x00000000efd80000)
  to   space 7168K, 0% used [0x00000000f4000000,0x00000000f4000000,0x00000000f4700000)
 ParOldGen       total 42496K, used 10494K [0x00000000c3600000, 0x00000000c5f80000, 0x00000000ebd00000)
  object space 42496K, 24% used [0x00000000c3600000,0x00000000c403fa50,0x00000000c5f80000)
 Metaspace       used 20327K, capacity 21280K, committed 21296K, reserved 1067008K
  class space    used 2639K, capacity 2851K, committed 2864K, reserved 1048576K
Event: 7.026 GC heap after
Heap after GC invocations=6 (full 1):
 PSYoungGen      total 66048K, used 0K [0x00000000ebd00000, 0x00000000f4700000, 0x0000000100000000)
  eden space 63488K, 0% used [0x00000000ebd00000,0x00000000ebd00000,0x00000000efb00000)
  from space 2560K, 0% used [0x00000000efb00000,0x00000000efb00000,0x00000000efd80000)
  to   space 7168K, 0% used [0x00000000f4000000,0x00000000f4000000,0x00000000f4700000)
 ParOldGen       total 33280K, used 6890K [0x00000000c3600000, 0x00000000c5680000, 0x00000000ebd00000)
  object space 33280K, 20% used [0x00000000c3600000,0x00000000c3cba978,0x00000000c5680000)
 Metaspace       used 20327K, capacity 21280K, committed 21296K, reserved 1067008K
  class space    used 2639K, capacity 2851K, committed 2864K, reserved 1048576K
}
Event: 9.381 GC heap before
{Heap before GC invocations=7 (full 1):
 PSYoungGen      total 66048K, used 63488K [0x00000000ebd00000, 0x00000000f4700000, 0x0000000100000000)
  eden space 63488K, 100% used [0x00000000ebd00000,0x00000000efb00000,0x00000000efb00000)
  from space 2560K, 0% used [0x00000000efb00000,0x00000000efb00000,0x00000000efd80000)
  to   space 7168K, 0% used [0x00000000f4000000,0x00000000f4000000,0x00000000f4700000)
 ParOldGen       total 33280K, used 6890K [0x00000000c3600000, 0x00000000c5680000, 0x00000000ebd00000)
  object space 33280K, 20% used [0x00000000c3600000,0x00000000c3cba978,0x00000000c5680000)
 Metaspace       used 23152K, capacity 24292K, committed 24624K, reserved 1071104K
  class space    used 3062K, capacity 3317K, committed 3376K, reserved 1048576K
Event: 9.408 GC heap after
Heap after GC invocations=7 (full 1):
 PSYoungGen      total 109568K, used 5899K [0x00000000ebd00000, 0x00000000f4600000, 0x0000000100000000)
  eden space 103424K, 0% used [0x00000000ebd00000,0x00000000ebd00000,0x00000000f2200000)
  from space 6144K, 96% used [0x00000000f4000000,0x00000000f45c2fd0,0x00000000f4600000)
  to   space 7680K, 0% used [0x00000000f3700000,0x00000000f3700000,0x00000000f3e80000)
 ParOldGen       total 33280K, used 6898K [0x00000000c3600000, 0x00000000c5680000, 0x00000000ebd00000)
  object space 33280K, 20% used [0x00000000c3600000,0x00000000c3cbc978,0x00000000c5680000)
 Metaspace       used 23152K, capacity 24292K, committed 24624K, reserved 1071104K
  class space    used 3062K, capacity 3317K, committed 3376K, reserved 1048576K
}
Event: 14.289 GC heap before
{Heap before GC invocations=8 (full 1):
 PSYoungGen      total 109568K, used 109323K [0x00000000ebd00000, 0x00000000f4600000, 0x0000000100000000)
  eden space 103424K, 100% used [0x00000000ebd00000,0x00000000f2200000,0x00000000f2200000)
  from space 6144K, 96% used [0x00000000f4000000,0x00000000f45c2fd0,0x00000000f4600000)
  to   space 7680K, 0% used [0x00000000f3700000,0x00000000f3700000,0x00000000f3e80000)
 ParOldGen       total 33280K, used 6898K [0x00000000c3600000, 0x00000000c5680000, 0x00000000ebd00000)
  object space 33280K, 20% used [0x00000000c3600000,0x00000000c3cbc978,0x00000000c5680000)
 Metaspace       used 30570K, capacity 32798K, committed 33072K, reserved 1077248K
  class space    used 4105K, capacity 4538K, committed 4656K, reserved 1048576K
Event: 14.329 GC heap after
Heap after GC invocations=8 (full 1):
 PSYoungGen      total 132608K, used 7670K [0x00000000ebd00000, 0x00000000f7200000, 0x0000000100000000)
  eden space 124928K, 0% used [0x00000000ebd00000,0x00000000ebd00000,0x00000000f3700000)
  from space 7680K, 99% used [0x00000000f3700000,0x00000000f3e7dbb0,0x00000000f3e80000)
  to   space 10752K, 0% used [0x00000000f6780000,0x00000000f6780000,0x00000000f7200000)
 ParOldGen       total 33280K, used 11401K [0x00000000c3600000, 0x00000000c5680000, 0x00000000ebd00000)
  object space 33280K, 34% used [0x00000000c3600000,0x00000000c4122540,0x00000000c5680000)
 Metaspace       used 30570K, capacity 32798K, committed 33072K, reserved 1077248K
  class space    used 4105K, capacity 4538K, committed 4656K, reserved 1048576K
}

