# JRE version: OpenJDK Runtime Environment (8.0_442-b06) (build 1.8.0_442-8u442-b06~us1-0ubuntu1~20.04-b06)
# Java VM: OpenJDK 64-Bit Server VM (25.442-b06 mixed mode linux-amd64 compressed oops)
Heap:
 PSYoungGen      total 227840K, used 204258K [0x00000000deb80000, 0x00000000f1700000, 0x0000000100000000)
  eden space 219648K, 91% used [0x00000000deb80000,0x00000000eaf42960,0x00000000ec200000)
  from space 8192K, 46% used [0x00000000ec200000,0x00000000ec5b6060,0x00000000eca00000)
  to   space 8192K, 0% used [0x00000000f0f00000,0x00000000f0f00000,0x00000000f1700000)
 ParOldGen       total 65024K, used 14227K [0x000000009c200000, 0x00000000a0180000, 0x00000000deb80000)
  object space 65024K, 21% used [0x000000009c200000,0x000000009cfe4eb0,0x00000000a0180000)
 Metaspace       used 39780K, capacity 42475K, committed 42624K, reserved 1087488K
  class space    used 4975K, capacity 5473K, committed 5504K, reserved 1048576K
GC Heap History (10 events):
Event: 14.582 GC heap before
{Heap before GC invocations=9 (full 1):
 PSYoungGen      total 107520K, used 101888K [0x00000000deb80000, 0x00000000ebd80000, 0x0000000100000000)
  eden space 101888K, 100% used [0x00000000deb80000,0x00000000e4f00000,0x00000000e4f00000)
  from space 5632K, 0% used [0x00000000e4f00000,0x00000000e4f00000,0x00000000e5480000)
  to   space 5632K, 0% used [0x00000000eb800000,0x00000000eb800000,0x00000000ebd80000)
 ParOldGen       total 40448K, used 4966K [0x000000009c200000, 0x000000009e980000, 0x00000000deb80000)
  object space 40448K, 12% used [0x000000009c200000,0x000000009c6d9b90,0x000000009e980000)
 Metaspace       used 22337K, capacity 23408K, committed 23552K, reserved 1069056K
  class space    used 2749K, capacity 2976K, committed 3072K, reserved 1048576K
Event: 14.614 GC heap after
Heap after GC invocations=9 (full 1):
 PSYoungGen      total 167936K, used 2336K [0x00000000deb80000, 0x00000000eba80000, 0x0000000100000000)
  eden space 165376K, 0% used [0x00000000deb80000,0x00000000deb80000,0x00000000e8d00000)
  from space 2560K, 91% used [0x00000000eb800000,0x00000000eba48000,0x00000000eba80000)
  to   space 5632K, 0% used [0x00000000eaf80000,0x00000000eaf80000,0x00000000eb500000)
 ParOldGen       total 40448K, used 4966K [0x000000009c200000, 0x000000009e980000, 0x00000000deb80000)
  object space 40448K, 12% used [0x000000009c200000,0x000000009c6d9b90,0x000000009e980000)
 Metaspace       used 22337K, capacity 23408K, committed 23552K, reserved 1069056K
  class space    used 2749K, capacity 2976K, committed 3072K, reserved 1048576K
}
Event: 21.924 GC heap before
{Heap before GC invocations=10 (full 1):
 PSYoungGen      total 167936K, used 167712K [0x00000000deb80000, 0x00000000eba80000, 0x0000000100000000)
  eden space 165376K, 100% used [0x00000000deb80000,0x00000000e8d00000,0x00000000e8d00000)
  from space 2560K, 91% used [0x00000000eb800000,0x00000000eba48000,0x00000000eba80000)
  to   space 5632K, 0% used [0x00000000eaf80000,0x00000000eaf80000,0x00000000eb500000)
 ParOldGen       total 40448K, used 4966K [0x000000009c200000, 0x000000009e980000, 0x00000000deb80000)
  object space 40448K, 12% used [0x000000009c200000,0x000000009c6d9b90,0x000000009e980000)
 Metaspace       used 29586K, capacity 31398K, committed 31488K, reserved 1077248K
  class space    used 3712K, capacity 4059K, committed 4096K, reserved 1048576K
Event: 21.965 GC heap after
Heap after GC invocations=10 (full 1):
 PSYoungGen      total 206336K, used 5583K [0x00000000deb80000, 0x00000000ed000000, 0x0000000100000000)
  eden space 200704K, 0% used [0x00000000deb80000,0x00000000deb80000,0x00000000eaf80000)
  from space 5632K, 99% used [0x00000000eaf80000,0x00000000eb4f3cc8,0x00000000eb500000)
  to   space 6144K, 0% used [0x00000000eca00000,0x00000000eca00000,0x00000000ed000000)
 ParOldGen       total 40448K, used 4966K [0x000000009c200000, 0x000000009e980000, 0x00000000deb80000)
  object space 40448K, 12% used [0x000000009c200000,0x000000009c6d9b90,0x000000009e980000)
 Metaspace       used 29586K, capacity 31398K, committed 31488K, reserved 1077248K
  class space    used 3712K, capacity 4059K, committed 4096K, reserved 1048576K
}
Event: 23.689 GC heap before
{Heap before GC invocations=11 (full 1):
 PSYoungGen      total 206336K, used 91058K [0x00000000deb80000, 0x00000000ed000000, 0x0000000100000000)
  eden space 200704K, 42% used [0x00000000deb80000,0x00000000e3ef8c88,0x00000000eaf80000)
  from space 5632K, 99% used [0x00000000eaf80000,0x00000000eb4f3cc8,0x00000000eb500000)
  to   space 6144K, 0% used [0x00000000eca00000,0x00000000eca00000,0x00000000ed000000)
 ParOldGen       total 40448K, used 4966K [0x000000009c200000, 0x000000009e980000, 0x00000000deb80000)
  object space 40448K, 12% used [0x000000009c200000,0x000000009c6d9b90,0x000000009e980000)
 Metaspace       used 33037K, capacity 35349K, committed 35496K, reserved 1081344K
  class space    used 4180K, capacity 4608K, committed 4608K, reserved 1048576K
Event: 23.740 GC heap after
Heap after GC invocations=11 (full 1):
 PSYoungGen      total 225792K, used 6121K [0x00000000deb80000, 0x00000000f0100000, 0x0000000100000000)
  eden space 219648K, 0% used [0x00000000deb80000,0x00000000deb80000,0x00000000ec200000)
  from space 6144K, 99% used [0x00000000eca00000,0x00000000ecffa6b8,0x00000000ed000000)
  to   space 8192K, 0% used [0x00000000ec200000,0x00000000ec200000,0x00000000eca00000)
 ParOldGen       total 40448K, used 8590K [0x000000009c200000, 0x000000009e980000, 0x00000000deb80000)
  object space 40448K, 21% used [0x000000009c200000,0x000000009ca63b90,0x000000009e980000)
 Metaspace       used 33037K, capacity 35349K, committed 35496K, reserved 1081344K
  class space    used 4180K, capacity 4608K, committed 4608K, reserved 1048576K
}
Event: 23.740 GC heap before
{Heap before GC invocations=12 (full 2):
 PSYoungGen      total 225792K, used 6121K [0x00000000deb80000, 0x00000000f0100000, 0x0000000100000000)
  eden space 219648K, 0% used [0x00000000deb80000,0x00000000deb80000,0x00000000ec200000)
  from space 6144K, 99% used [0x00000000eca00000,0x00000000ecffa6b8,0x00000000ed000000)
  to   space 8192K, 0% used [0x00000000ec200000,0x00000000ec200000,0x00000000eca00000)
 ParOldGen       total 40448K, used 8590K [0x000000009c200000, 0x000000009e980000, 0x00000000deb80000)
  object space 40448K, 21% used [0x000000009c200000,0x000000009ca63b90,0x000000009e980000)
 Metaspace       used 33037K, capacity 35349K, committed 35496K, reserved 1081344K
  class space    used 4180K, capacity 4608K, committed 4608K, reserved 1048576K
Event: 24.057 GC heap after
Heap after GC invocations=12 (full 2):
 PSYoungGen      total 225792K, used 0K [0x00000000deb80000, 0x00000000f0100000, 0x0000000100000000)
  eden space 219648K, 0% used [0x00000000deb80000,0x00000000deb80000,0x00000000ec200000)
  from space 6144K, 0% used [0x00000000eca00000,0x00000000eca00000,0x00000000ed000000)
  to   space 8192K, 0% used [0x00000000ec200000,0x00000000ec200000,0x00000000eca00000)
 ParOldGen       total 65024K, used 14219K [0x000000009c200000, 0x00000000a0180000, 0x00000000deb80000)
  object space 65024K, 21% used [0x000000009c200000,0x000000009cfe2eb0,0x00000000a0180000)
 Metaspace       used 33037K, capacity 35349K, committed 35496K, reserved 1081344K
  class space    used 4180K, capacity 4608K, committed 4608K, reserved 1048576K
}
Event: 34.884 GC heap before
{Heap before GC invocations=13 (full 2):
 PSYoungGen      total 225792K, used 219648K [0x00000000deb80000, 0x00000000f0100000, 0x0000000100000000)
  eden space 219648K, 100% used [0x00000000deb80000,0x00000000ec200000,0x00000000ec200000)
  from space 6144K, 0% used [0x00000000eca00000,0x00000000eca00000,0x00000000ed000000)
  to   space 8192K, 0% used [0x00000000ec200000,0x00000000ec200000,0x00000000eca00000)
 ParOldGen       total 65024K, used 14219K [0x000000009c200000, 0x00000000a0180000, 0x00000000deb80000)
  object space 65024K, 21% used [0x000000009c200000,0x000000009cfe2eb0,0x00000000a0180000)
 Metaspace       used 39038K, capacity 41629K, committed 41728K, reserved 1085440K
  class space    used 4909K, capacity 5363K, committed 5376K, reserved 1048576K
Event: 35.001 GC heap after
Heap after GC invocations=13 (full 2):
 PSYoungGen      total 227840K, used 3800K [0x00000000deb80000, 0x00000000f1700000, 0x0000000100000000)
  eden space 219648K, 0% used [0x00000000deb80000,0x00000000deb80000,0x00000000ec200000)
  from space 8192K, 46% used [0x00000000ec200000,0x00000000ec5b6060,0x00000000eca00000)
  to   space 8192K, 0% used [0x00000000f0f00000,0x00000000f0f00000,0x00000000f1700000)
 ParOldGen       total 65024K, used 14227K [0x000000009c200000, 0x00000000a0180000, 0x00000000deb80000)
  object space 65024K, 21% used [0x000000009c200000,0x000000009cfe4eb0,0x00000000a0180000)
 Metaspace       used 39038K, capacity 41629K, committed 41728K, reserved 1085440K
  class space    used 4909K, capacity 5363K, committed 5376K, reserved 1048576K
}

