# JRE version: OpenJDK Runtime Environment (8.0_432) (build 1.8.0_432-8u432-ga~us1-0ubuntu2~20.04-ga)
# Java VM: OpenJDK 64-Bit Server VM (25.432-bga mixed mode linux-amd64 compressed oops)
Heap:
 PSYoungGen      total 168960K, used 57772K [0x00000000deb80000, 0x00000000ed400000, 0x0000000100000000)
  eden space 162304K, 35% used [0x00000000deb80000,0x00000000e23eb1e8,0x00000000e8a00000)
  from space 6656K, 0% used [0x00000000e8a00000,0x00000000e8a00000,0x00000000e9080000)
  to   space 7680K, 0% used [0x00000000ecc80000,0x00000000ecc80000,0x00000000ed400000)
 ParOldGen       total 67072K, used 11601K [0x000000009c200000, 0x00000000a0380000, 0x00000000deb80000)
  object space 67072K, 17% used [0x000000009c200000,0x000000009cd547c0,0x00000000a0380000)
 Metaspace       used 33857K, capacity 36208K, committed 36392K, reserved 1081344K
  class space    used 4255K, capacity 4671K, committed 4736K, reserved 1048576K
GC Heap History (10 events):
Event: 4.991 GC heap before
{Heap before GC invocations=7 (full 1):
 PSYoungGen      total 108032K, used 4352K [0x00000000deb80000, 0x00000000e5a80000, 0x0000000100000000)
  eden space 102400K, 0% used [0x00000000deb80000,0x00000000deb80000,0x00000000e4f80000)
  from space 5632K, 77% used [0x00000000e5500000,0x00000000e5940020,0x00000000e5a80000)
  to   space 5632K, 0% used [0x00000000e4f80000,0x00000000e4f80000,0x00000000e5500000)
 ParOldGen       total 68608K, used 628K [0x000000009c200000, 0x00000000a0500000, 0x00000000deb80000)
  object space 68608K, 0% used [0x000000009c200000,0x000000009c29d178,0x00000000a0500000)
 Metaspace       used 20337K, capacity 21190K, committed 21296K, reserved 1069056K
  class space    used 2490K, capacity 2673K, committed 2688K, reserved 1048576K
Event: 5.093 GC heap after
Heap after GC invocations=7 (full 1):
 PSYoungGen      total 108032K, used 0K [0x00000000deb80000, 0x00000000e5a80000, 0x0000000100000000)
  eden space 102400K, 0% used [0x00000000deb80000,0x00000000deb80000,0x00000000e4f80000)
  from space 5632K, 0% used [0x00000000e5500000,0x00000000e5500000,0x00000000e5a80000)
  to   space 5632K, 0% used [0x00000000e4f80000,0x00000000e4f80000,0x00000000e5500000)
 ParOldGen       total 40448K, used 4746K [0x000000009c200000, 0x000000009e980000, 0x00000000deb80000)
  object space 40448K, 11% used [0x000000009c200000,0x000000009c6a2888,0x000000009e980000)
 Metaspace       used 20337K, capacity 21190K, committed 21296K, reserved 1069056K
  class space    used 2490K, capacity 2673K, committed 2688K, reserved 1048576K
}
Event: 7.258 GC heap before
{Heap before GC invocations=8 (full 1):
 PSYoungGen      total 108032K, used 102400K [0x00000000deb80000, 0x00000000e5a80000, 0x0000000100000000)
  eden space 102400K, 100% used [0x00000000deb80000,0x00000000e4f80000,0x00000000e4f80000)
  from space 5632K, 0% used [0x00000000e5500000,0x00000000e5500000,0x00000000e5a80000)
  to   space 5632K, 0% used [0x00000000e4f80000,0x00000000e4f80000,0x00000000e5500000)
 ParOldGen       total 40448K, used 4746K [0x000000009c200000, 0x000000009e980000, 0x00000000deb80000)
  object space 40448K, 11% used [0x000000009c200000,0x000000009c6a2888,0x000000009e980000)
 Metaspace       used 23353K, capacity 24466K, committed 24704K, reserved 1071104K
  class space    used 2883K, capacity 3107K, committed 3200K, reserved 1048576K
Event: 7.273 GC heap after
Heap after GC invocations=8 (full 1):
 PSYoungGen      total 108032K, used 2688K [0x00000000deb80000, 0x00000000e9700000, 0x0000000100000000)
  eden space 102400K, 0% used [0x00000000deb80000,0x00000000deb80000,0x00000000e4f80000)
  from space 5632K, 47% used [0x00000000e4f80000,0x00000000e5220000,0x00000000e5500000)
  to   space 5632K, 0% used [0x00000000e9180000,0x00000000e9180000,0x00000000e9700000)
 ParOldGen       total 40448K, used 4754K [0x000000009c200000, 0x000000009e980000, 0x00000000deb80000)
  object space 40448K, 11% used [0x000000009c200000,0x000000009c6a4888,0x000000009e980000)
 Metaspace       used 23353K, capacity 24466K, committed 24704K, reserved 1071104K
  class space    used 2883K, capacity 3107K, committed 3200K, reserved 1048576K
}
Event: 9.648 GC heap before
{Heap before GC invocations=9 (full 1):
 PSYoungGen      total 108032K, used 105088K [0x00000000deb80000, 0x00000000e9700000, 0x0000000100000000)
  eden space 102400K, 100% used [0x00000000deb80000,0x00000000e4f80000,0x00000000e4f80000)
  from space 5632K, 47% used [0x00000000e4f80000,0x00000000e5220000,0x00000000e5500000)
  to   space 5632K, 0% used [0x00000000e9180000,0x00000000e9180000,0x00000000e9700000)
 ParOldGen       total 40448K, used 4754K [0x000000009c200000, 0x000000009e980000, 0x00000000deb80000)
  object space 40448K, 11% used [0x000000009c200000,0x000000009c6a4888,0x000000009e980000)
 Metaspace       used 29340K, capacity 31168K, committed 31488K, reserved 1077248K
  class space    used 3695K, capacity 4056K, committed 4096K, reserved 1048576K
Event: 9.698 GC heap after
Heap after GC invocations=9 (full 1):
 PSYoungGen      total 167936K, used 5620K [0x00000000deb80000, 0x00000000e9700000, 0x0000000100000000)
  eden space 162304K, 0% used [0x00000000deb80000,0x00000000deb80000,0x00000000e8a00000)
  from space 5632K, 99% used [0x00000000e9180000,0x00000000e96fd040,0x00000000e9700000)
  to   space 6656K, 0% used [0x00000000e8a00000,0x00000000e8a00000,0x00000000e9080000)
 ParOldGen       total 40448K, used 5017K [0x000000009c200000, 0x000000009e980000, 0x00000000deb80000)
  object space 40448K, 12% used [0x000000009c200000,0x000000009c6e6788,0x000000009e980000)
 Metaspace       used 29340K, capacity 31168K, committed 31488K, reserved 1077248K
  class space    used 3695K, capacity 4056K, committed 4096K, reserved 1048576K
}
Event: 13.028 GC heap before
{Heap before GC invocations=10 (full 1):
 PSYoungGen      total 167936K, used 87826K [0x00000000deb80000, 0x00000000e9700000, 0x0000000100000000)
  eden space 162304K, 50% used [0x00000000deb80000,0x00000000e3bc77f8,0x00000000e8a00000)
  from space 5632K, 99% used [0x00000000e9180000,0x00000000e96fd040,0x00000000e9700000)
  to   space 6656K, 0% used [0x00000000e8a00000,0x00000000e8a00000,0x00000000e9080000)
 ParOldGen       total 40448K, used 5017K [0x000000009c200000, 0x000000009e980000, 0x00000000deb80000)
  object space 40448K, 12% used [0x000000009c200000,0x000000009c6e6788,0x000000009e980000)
 Metaspace       used 33236K, capacity 35426K, committed 35496K, reserved 1081344K
  class space    used 4194K, capacity 4603K, committed 4608K, reserved 1048576K
Event: 13.182 GC heap after
Heap after GC invocations=10 (full 1):
 PSYoungGen      total 168960K, used 6644K [0x00000000deb80000, 0x00000000ed400000, 0x0000000100000000)
  eden space 162304K, 0% used [0x00000000deb80000,0x00000000deb80000,0x00000000e8a00000)
  from space 6656K, 99% used [0x00000000e8a00000,0x00000000e907d050,0x00000000e9080000)
  to   space 7680K, 0% used [0x00000000ecc80000,0x00000000ecc80000,0x00000000ed400000)
 ParOldGen       total 40448K, used 6313K [0x000000009c200000, 0x000000009e980000, 0x00000000deb80000)
  object space 40448K, 15% used [0x000000009c200000,0x000000009c82a788,0x000000009e980000)
 Metaspace       used 33236K, capacity 35426K, committed 35496K, reserved 1081344K
  class space    used 4194K, capacity 4603K, committed 4608K, reserved 1048576K
}
Event: 13.182 GC heap before
{Heap before GC invocations=11 (full 2):
 PSYoungGen      total 168960K, used 6644K [0x00000000deb80000, 0x00000000ed400000, 0x0000000100000000)
  eden space 162304K, 0% used [0x00000000deb80000,0x00000000deb80000,0x00000000e8a00000)
  from space 6656K, 99% used [0x00000000e8a00000,0x00000000e907d050,0x00000000e9080000)
  to   space 7680K, 0% used [0x00000000ecc80000,0x00000000ecc80000,0x00000000ed400000)
 ParOldGen       total 40448K, used 6313K [0x000000009c200000, 0x000000009e980000, 0x00000000deb80000)
  object space 40448K, 15% used [0x000000009c200000,0x000000009c82a788,0x000000009e980000)
 Metaspace       used 33236K, capacity 35426K, committed 35496K, reserved 1081344K
  class space    used 4194K, capacity 4603K, committed 4608K, reserved 1048576K
Event: 13.666 GC heap after
Heap after GC invocations=11 (full 2):
 PSYoungGen      total 168960K, used 0K [0x00000000deb80000, 0x00000000ed400000, 0x0000000100000000)
  eden space 162304K, 0% used [0x00000000deb80000,0x00000000deb80000,0x00000000e8a00000)
  from space 6656K, 0% used [0x00000000e8a00000,0x00000000e8a00000,0x00000000e9080000)
  to   space 7680K, 0% used [0x00000000ecc80000,0x00000000ecc80000,0x00000000ed400000)
 ParOldGen       total 67072K, used 11601K [0x000000009c200000, 0x00000000a0380000, 0x00000000deb80000)
  object space 67072K, 17% used [0x000000009c200000,0x000000009cd547c0,0x00000000a0380000)
 Metaspace       used 33236K, capacity 35426K, committed 35496K, reserved 1081344K
  class space    used 4194K, capacity 4603K, committed 4608K, reserved 1048576K
}

